IQ-TREE multicore version 2.3.2 COVID-edition for Mac OS X 64-bit built Apr  9 2024
Developed by Bui Quang Minh, James Barbetti, Nguyen Lam Tung,
Olga Chernomor, Heiko Schmidt, Dominik Schrempf, Michael Woodhams, Ly Trong Nhan, Thomas Wong

Host:    Daniel-2.local (SSE4.2, 8 GB RAM)
Command: iqtree2 -m TEST -s amino_acids_NA_alin.fasta -bb 1000 -alrt 1000
Seed:    869447 (Using SPRNG - Scalable Parallel Random Number Generator)
Time:    Mon Apr 22 20:51:00 2024
Kernel:  SSE2 - 1 threads (8 CPU cores detected)

HINT: Use -nt option to specify number of threads because your CPU has 8 cores!
HINT: -nt AUTO will automatically determine the best number of threads to use.

Reading alignment file amino_acids_NA_alin.fasta ... Fasta format detected
Reading fasta file: done in 0.00114012 secs using 55.43% CPU
Alignment most likely contains protein sequences
Alignment has 71 sequences with 498 columns, 471 distinct patterns
441 parsimony-informative, 5 singleton sites, 52 constant sites
                                                                            Gap/Ambiguity  Composition  p-value
Analyzing sequences: done in 7.60555e-05 secs using 81.52% CPU
   1  Influenza_A_virus_A/South_Carolina/1/18_H1N1                                  5.82%    passed     99.85%
   2  Influenza_A_virus_A/common_teal/Netherlands/10/2000_H1N1                      7.83%    passed     99.65%
   3  Influenza_A_virus_A/mallard/Sweden/58/2003_H11N1                              7.43%    passed     99.94%
   4  Influenza_A_virus_A/duck/Mongolia/7/2001_H7N1                                 5.82%    passed     99.91%
   5  Influenza_A_virus_A/aquatic_bird/India/NIV-17095/2007_H11N1                   5.82%    passed     99.89%
   6  Influenza_A_virus_A/semi-palmated_sandpiper/Brazil/3/1990_H2N1                5.82%    passed     99.79%
   7  Influenza_A_virus_A/mallard_duck/ALB/26/1976_H3N1                             5.82%    passed     99.94%
   8  Influenza_A_virus_A/mallard/ALB/7/1998_HN1                                    5.82%    passed     99.95%
   9  Influenza_A_virus_A/mallard/ALB/5/1995_H10N1                                  5.82%    passed     99.79%
  10  Influenza_A_virus_A/black_duck/Ohio/19/1986_H11N1                             5.82%    passed     99.91%
  11  Influenza_A_virus_A/Mallard_Duck/Alberta/32/83_H12N1                          5.82%    passed     99.94%
  12  Influenza_A_virus_A/northern_shoveler/Washington/29-700/2006_H10N1            5.82%    passed     99.95%
  13  Influenza_A_virus_A/turkey/England/50-92/91_H5N1                             16.06%    passed     99.92%
  14  Influenza_A_virus_A/gray_teal/Australia/1/1979_H6N1                           5.82%    passed     99.55%
  15  Influenza_A_virus_A/Viet_Nam/1203/200_H5N1                                    9.84%    passed     99.33%
  16  Influenza_A_virus_A/chicken/Egypt/0891/2008_H5N1                              9.84%    passed     99.84%
  17  Influenza_A_virus_A/red-winged_tinamou/Argentina/MP1/2008_H1N1                5.82%    passed     99.96%
  18  Influenza_A_virus_A/chicken/Rostock/5/193_H7N1                               10.24%    passed     93.30%
  19  Influenza_A_virus_A/Calinia/0/2009_H1N1                                       5.82%    passed     95.27%
  20  Influenza_A_virus_A/Puerto_Rico/8/193_H1N1                                    8.84%    passed     98.34%
  21  Influenza_A_virus_A/Malaysia/5_H1N1                                           5.62%    passed     97.21%
  22  Influenza_A_virus_A/Brazil/11/1978_H1N1                                       5.62%    passed     99.72%
  23  Influenza_A_virus_A/swine/Tennessee/1/1975_H1N1                               5.82%    passed     98.81%
  24  Influenza_A_virus_A/swine/Hong_Kong/103/1993_H1N1                             5.82%    passed     99.42%
  25  Influenza_A_virus_A/swine/Korea/PZ72-1/2006_H3N1                              6.02%    passed     98.87%
  26  Influenza_A_virus_A/gray_teal/Western_Australia/180/1979_HN                   5.62%    passed     94.11%
  27  Influenza_A_virus_A/turkey/Ontario/6118/1968_H8N                              5.62%    passed     99.82%
  28  Influenza_A_virus_A/mallard/ALB/19/1992_H8N                                   5.62%    passed     98.46%
  29  Influenza_A_virus_A/northern_shoveler/Calinia/AKS273/2007_H8N                 5.62%    passed     97.50%
  30  Influenza_A_virus_A/mallard/Netherlands/2/1999_H3N5                           5.22%    passed     79.46%
  31  Influenza_A_virus_A/northern_shoveler/Mississippi/09OS025/2009_H12N5          5.02%    passed     95.70%
  32  Influenza_A_virus_A/equine/Sao_Paulo/6/1963_H3N8                              5.62%    passed     95.97%
  33  Influenza_A_virus_A/black_duck/Perth/699/1978_H3N8                            5.62%    passed     92.32%
  34  Influenza_A_virus_A/mallard/Ohio/6/1989_H6N8                                  5.62%    passed     83.96%
  35  Influenza_A_virus_A/slaty-backed_gull/Japan/6KS0191/2006_HN8                  5.62%    passed     42.71%
  36  Influenza_A_virus_A/quail/Italy/1117/1965_H10N8                               5.62%    passed     47.60%
  37  Influenza_A_virus_A/swine/Argentina/CIP051-StaFeN2/2010_H1N2                  6.02%    passed     95.60%
  38  Influenza_A_virus_A/New_York/802/1993_H3N2                                    5.82%    passed     99.52%
  39  Influenza_A_virus_A/Panama/2007/1999_H3N2                                     5.82%    passed     98.32%
  40  Influenza_A_virus_A/Managua/10.02/2010_H3N2                                   5.82%    passed     99.36%
  41  Influenza_A_virus_A/El_Salvador/2/1957_H2N2                                   5.82%    passed     99.60%
  42  Influenza_A_virus_A/mallard_duck/ALB/57/1976_H5N2                             5.82%    passed     99.59%
  43  Influenza_A_virus_A/herring_gull/DE/75/1986_H13N2                             5.82%    passed     99.66%
  44  Influenza_A_virus_A/whiskered_tern/Egypt/0/200_H6N2                           5.82%    passed     99.98%
  45  Influenza_A_virus_A/mallard/Alberta/11/1991_H9N2                              5.82%    passed     99.87%
  46  Influenza_A_virus_A/duck/New_Zealand/1/198_H5N2                               5.82%    passed     99.95%
  47  Influenza_A_virus_A/chicken/Chis/1522/1997_H5N2                               9.84%    passed     98.37%
  48  Influenza_A_virus_A/rosy-billed_pocrd/Argentina/CIP051-557/2007_H6N2          6.02%    passed     99.92%
  49  Influenza_A_virus_A/environment/New_York/30732-1/2005_H7N2                    9.04%    passed     97.08%
  50  Influenza_A_virus_A/chicken/Yokoma/aq55/2001_H9N2                             5.82%    passed     99.26%
  51  Influenza_A_virus_A/bar_headed_goose/Mongolia/13/2005_H12N3                   5.82%    passed     93.51%
  52  Influenza_A_virus_A/herring_gull/DE/712/1988_H16N3                            5.82%    passed     91.84%
  53  Influenza_A_virus_A/glaucous_gull/Alaska/198-027/2006_H16N3                   8.23%    passed     74.76%
  54  Influenza_A_virus_A/mallard_duck/ALB/2/1977_H1N6                              5.62%    passed     87.65%
  55  Influenza_A_virus_A/duck/HK/17/1977_H9N6                                      5.62%    passed     62.56%
  56  Influenza_A_virus_A/ruddy_turnstone/DE/773/1988_H9N6                          5.62%    passed     47.15%
  57  Influenza_A_virus_A/Mongolian_gull/Mongolia/01/2007_H13N6                     5.82%    passed     82.11%
  58  Influenza_A_virus_A/duck/Nancng/-18/2000_H2N9                                 5.62%    passed     88.63%
  59  Influenza_A_virus_A/blue-winged_teal/Guatemala/CIP09-02/2008_H7N9             5.62%    passed     71.79%
  60  Influenza_A_virus_A/sooty_tern/Western_Australia/2190/1983_H15N9              5.62%    passed     83.15%
  61  Influenza_A_virus_A/kelp_gull/Argentina/LDC/2006_H13N9                        7.03%    passed     88.05%
  62  Influenza_A_virus_A/mallard/Manitoba/23912/2007_HN7                           5.62%    passed     93.87%
  63  Influenza_A_virus_A/equine/Argentina/1/1977_H7N7                              5.82%    passed     68.62%
  64  Influenza_A_virus_A/little_yellow-shouldered_bat/Guatemala/153/2009_H17N10   11.24%    failed      0.37%
  65  Influenza_A_virus_A/little_yellow-shouldered_bat/Guatemala/16/2009_H17N10    11.24%    failed      0.37%
  66  Influenza_A_virus_A/little_yellow-shouldered_bat/Guatemala/060/2010_H17N10   11.24%    failed      0.17%
  67  Influenza_A_virus_A/dark_fruit-eating_bat/Bolivia/PBV780-781/2011_H18N11     10.24%    failed      0.30%
  68  Influenza_A_virus_A/flat-faced_bat/Peru/033/2010_H18N11                      10.24%    failed      0.76%
  69  Influenza_A_virus_A/Artibeus_lituratus/Brazil/2301/2012_H18N11               26.31%    failed      2.04%
  70  Influenza_A_virus_A/Artibeus_lituratus/Brazil/23/2012_H18N11                 27.31%    failed      1.85%
  71  Influenza_A_virus_A/Noctilio_albiventris/Colombia/2023                       10.24%    failed      0.45%
****  TOTAL                                                                         7.33%  8 sequences failed composition chi2 test (p-value<5%; df=19)
NOTE: Influenza_A_virus_A/little_yellow-shouldered_bat/Guatemala/16/2009_H17N10 is identical to Influenza_A_virus_A/little_yellow-shouldered_bat/Guatemala/153/2009_H17N10 but kept for subsequent analysis

Creating fast initial parsimony tree by random order stepwise addition...
0.006 seconds, parsimony score: 3057 (based on 446 sites)
Perform fast likelihood tree search using LG+I+G model...
Estimate model parameters (epsilon = 5.000)
Perform nearest neighbor interchange...
Estimate model parameters (epsilon = 1.000)
1. Initial log-likelihood: -17100.992
Optimal log-likelihood: -17100.896
Proportion of invariable sites: 0.038
Gamma shape alpha: 0.908
Parameters optimization took 1 rounds (0.154 sec)
Time for fast ML tree search: 1.343 seconds

NOTE: ModelFinder requires 23 MB RAM!
ModelFinder will test up to 224 protein models (sample size: 498) ...
 No. Model         -LnL         df  AIC          AICc         BIC
  1  LG            17828.681    139 35935.362    36044.078    36520.636
  2  LG+I          17657.620    140 35595.240    35705.828    36184.724
  3  LG+G4         17103.029    140 34486.058    34596.646    35075.542
  4  LG+I+G4       17100.892    141 34483.783    34596.266    35077.478
  7  LG+F+G4       17051.306    159 34420.611    34571.144    35090.097
  8  LG+F+I+G4     17049.305    160 34418.610    34571.488    35092.306
 11  WAG+G4        17114.337    140 34508.675    34619.263    35098.159
 12  WAG+I+G4      17113.039    141 34508.078    34620.561    35101.773
 15  WAG+F+G4      16993.670    159 34305.341    34455.873    34974.826
 16  WAG+F+I+G4    16992.666    160 34305.331    34458.210    34979.027
 19  JTT+G4        17020.749    140 34321.498    34432.086    34910.982
 20  JTT+I+G4      17019.104    141 34320.208    34432.691    34913.903
 23  JTT+F+G4      16969.678    159 34257.355    34407.888    34926.841
 24  JTT+F+I+G4    16968.099    160 34256.197    34409.076    34929.893
WARNING: Normalizing state frequencies so that sum of them equals to 1
 27  Q.pfam+G4     17128.564    140 34537.127    34647.715    35126.611
WARNING: Normalizing state frequencies so that sum of them equals to 1
 28  Q.pfam+I+G4   17124.945    141 34531.889    34644.372    35125.584
WARNING: Normalizing state frequencies so that sum of them equals to 1
 31  Q.pfam+F+G4   17063.703    159 34445.406    34595.939    35114.892
WARNING: Normalizing state frequencies so that sum of them equals to 1
 32  Q.pfam+F+I+G4 17060.467    160 34440.933    34593.812    35114.629
WARNING: Normalizing state frequencies so that sum of them equals to 1
 35  Q.bird+G4     17185.918    140 34651.836    34762.424    35241.320
WARNING: Normalizing state frequencies so that sum of them equals to 1
 36  Q.bird+I+G4   17184.726    141 34651.453    34763.936    35245.147
WARNING: Normalizing state frequencies so that sum of them equals to 1
 39  Q.bird+F+G4   17092.492    159 34502.983    34653.516    35172.468
WARNING: Normalizing state frequencies so that sum of them equals to 1
 40  Q.bird+F+I+G4 17090.833    160 34501.666    34654.545    35175.362
WARNING: Normalizing state frequencies so that sum of them equals to 1
 43  Q.mammal+G4   17136.605    140 34553.210    34663.799    35142.694
WARNING: Normalizing state frequencies so that sum of them equals to 1
 44  Q.mammal+I+G4 17135.347    141 34552.694    34665.177    35146.388
WARNING: Normalizing state frequencies so that sum of them equals to 1
 47  Q.mammal+F+G4 17024.910    159 34367.820    34518.352    35037.305
WARNING: Normalizing state frequencies so that sum of them equals to 1
 48  Q.mammal+F+I+G4 17023.395    160 34366.790    34519.668    35040.486
 51  Q.insect+G4   17071.355    140 34422.711    34533.299    35012.195
 52  Q.insect+I+G4 17068.664    141 34419.329    34531.812    35013.024
 55  Q.insect+F+G4 17083.339    159 34484.679    34635.211    35154.164
 56  Q.insect+F+I+G4 17080.196    160 34480.391    34633.270    35154.087
WARNING: Normalizing state frequencies so that sum of them equals to 1
 59  Q.plant+G4    17098.343    140 34476.686    34587.274    35066.170
WARNING: Normalizing state frequencies so that sum of them equals to 1
 60  Q.plant+I+G4  17095.189    141 34472.379    34584.862    35066.073
WARNING: Normalizing state frequencies so that sum of them equals to 1
 63  Q.plant+F+G4  17071.776    159 34461.551    34612.084    35131.037
WARNING: Normalizing state frequencies so that sum of them equals to 1
 64  Q.plant+F+I+G4 17066.195    160 34452.390    34605.268    35126.086
WARNING: Normalizing state frequencies so that sum of them equals to 1
 67  Q.yeast+G4    17063.865    140 34407.731    34518.319    34997.215
WARNING: Normalizing state frequencies so that sum of them equals to 1
 68  Q.yeast+I+G4  17057.609    141 34397.218    34509.701    34990.913
WARNING: Normalizing state frequencies so that sum of them equals to 1
 71  Q.yeast+F+G4  17079.287    159 34476.573    34627.106    35146.059
WARNING: Normalizing state frequencies so that sum of them equals to 1
 72  Q.yeast+F+I+G4 17073.183    160 34466.367    34619.245    35140.063
 75  JTTDCMut+G4   17021.952    140 34323.904    34434.492    34913.388
 76  JTTDCMut+I+G4 17020.407    141 34322.813    34435.296    34916.508
 79  JTTDCMut+F+G4 16966.645    159 34251.290    34401.823    34920.776
 80  JTTDCMut+F+I+G4 16965.202    160 34250.404    34403.282    34924.100
 83  DCMut+G4      17310.302    140 34900.604    35011.192    35490.088
 84  DCMut+I+G4    17308.744    141 34899.488    35011.971    35493.183
 87  DCMut+F+G4    17114.641    159 34547.281    34697.814    35216.767
 88  DCMut+F+I+G4  17113.082    160 34546.165    34699.043    35219.861
 91  VT+G4         17137.425    140 34554.849    34665.437    35144.333
 92  VT+I+G4       17135.329    141 34552.657    34665.140    35146.352
 95  VT+F+G4       17078.738    159 34475.476    34626.008    35144.961
 96  VT+F+I+G4     17076.939    160 34473.878    34626.756    35147.574
 99  PMB+G4        17303.598    140 34887.195    34997.783    35476.679
100  PMB+I+G4      17302.751    141 34887.502    34999.985    35481.196
103  PMB+F+G4      17192.350    159 34702.699    34853.232    35372.185
104  PMB+F+I+G4    17191.604    160 34703.207    34856.086    35376.903
107  Blosum62+G4   17284.237    140 34848.474    34959.062    35437.958
108  Blosum62+I+G4 17282.787    141 34847.574    34960.058    35441.269
111  Blosum62+F+G4 17196.126    159 34710.252    34860.784    35379.737
112  Blosum62+F+I+G4 17194.979    160 34709.959    34862.837    35383.655
115  Dayhoff+G4    17308.837    140 34897.675    35008.263    35487.159
116  Dayhoff+I+G4  17307.267    141 34896.535    35009.018    35490.230
119  Dayhoff+F+G4  17113.600    159 34545.200    34695.733    35214.685
120  Dayhoff+F+I+G4 17112.024    160 34544.049    34696.927    35217.745
123  mtREV+G4      17748.216    140 35776.432    35887.020    36365.916
124  mtREV+I+G4    17748.463    141 35778.927    35891.410    36372.621
127  mtREV+F+G4    17234.416    159 34786.832    34937.364    35456.317
128  mtREV+F+I+G4  17234.685    160 34789.369    34942.247    35463.065
131  mtART+G4      17945.487    140 36170.973    36281.561    36760.457
132  mtART+I+G4    17933.319    141 36148.638    36261.122    36742.333
135  mtART+F+G4    17490.598    159 35299.195    35449.728    35968.681
136  mtART+F+I+G4  17487.393    160 35294.786    35447.664    35968.482
139  mtZOA+G4      17618.484    140 35516.968    35627.556    36106.452
140  mtZOA+I+G4    17611.675    141 35505.350    35617.833    36099.045
143  mtZOA+F+G4    17247.288    159 34812.576    34963.108    35482.061
144  mtZOA+F+I+G4  17243.305    160 34806.610    34959.489    35480.306
147  mtMet+G4      17529.297    140 35338.595    35449.183    35928.079
148  mtMet+I+G4    17528.850    141 35339.701    35452.184    35933.395
151  mtMet+F+G4    17141.725    159 34601.450    34751.983    35270.936
152  mtMet+F+I+G4  17139.962    160 34599.923    34752.802    35273.619
155  mtVer+G4      17669.454    140 35618.907    35729.496    36208.391
156  mtVer+I+G4    17667.551    141 35617.102    35729.585    36210.797
159  mtVer+F+G4    17282.303    159 34882.607    35033.139    35552.092
160  mtVer+F+I+G4  17279.626    160 34879.252    35032.130    35552.948
163  mtInv+G4      17656.384    140 35592.769    35703.357    36182.253
164  mtInv+I+G4    17655.129    141 35592.257    35704.740    36185.952
167  mtInv+F+G4    17147.603    159 34613.206    34763.739    35282.692
168  mtInv+F+I+G4  17144.726    160 34609.452    34762.330    35283.148
171  mtMAM+G4      18014.794    140 36309.588    36420.176    36899.072
172  mtMAM+I+G4    18005.459    141 36292.918    36405.401    36886.613
175  mtMAM+F+G4    17474.423    159 35266.846    35417.378    35936.331
176  mtMAM+F+I+G4  17474.806    160 35269.613    35422.491    35943.309
WARNING: Normalizing state frequencies so that sum of them equals to 1
179  FLAVI+G4      17210.437    140 34700.875    34811.463    35290.359
WARNING: Normalizing state frequencies so that sum of them equals to 1
180  FLAVI+I+G4    17210.498    141 34702.997    34815.480    35296.691
WARNING: Normalizing state frequencies so that sum of them equals to 1
183  FLAVI+F+G4    17144.942    159 34607.883    34758.416    35277.369
WARNING: Normalizing state frequencies so that sum of them equals to 1
184  FLAVI+F+I+G4  17144.837    160 34609.674    34762.552    35283.370
187  HIVb+G4       17113.285    140 34506.570    34617.158    35096.054
188  HIVb+I+G4     17112.681    141 34507.362    34619.845    35101.056
191  HIVb+F+G4     17115.830    159 34549.660    34700.193    35219.146
192  HIVb+F+I+G4   17115.010    160 34550.021    34702.899    35223.717
195  HIVw+G4       17169.665    140 34619.329    34729.917    35208.813
196  HIVw+I+G4     17164.515    141 34611.031    34723.514    35204.725
199  HIVw+F+G4     17145.481    159 34608.962    34759.495    35278.447
200  HIVw+F+I+G4   17141.219    160 34602.438    34755.316    35276.134
203  FLU+G4        16717.582    140 33715.163    33825.752    34304.647
204  FLU+I+G4      16716.544    141 33715.087    33827.570    34308.782
207  FLU+F+G4      16731.509    159 33781.017    33931.550    34450.502
208  FLU+F+I+G4    16730.808    160 33781.616    33934.495    34455.312
211  rtREV+G4      17255.551    140 34791.101    34901.690    35380.585
212  rtREV+I+G4    17249.658    141 34781.315    34893.798    35375.010
215  rtREV+F+G4    17165.352    159 34648.705    34799.237    35318.190
216  rtREV+F+I+G4  17161.989    160 34643.977    34796.855    35317.673
219  cpREV+G4      17071.672    140 34423.345    34533.933    35012.829
220  cpREV+I+G4    17067.866    141 34417.731    34530.214    35011.426
223  cpREV+F+G4    17087.871    159 34493.742    34644.274    35163.227
224  cpREV+F+I+G4  17083.572    160 34487.144    34640.022    35160.840
Akaike Information Criterion:           FLU+I+G4
Corrected Akaike Information Criterion: FLU+G4
Bayesian Information Criterion:         FLU+G4
Best-fit model: FLU+G4 chosen according to BIC

All model information printed to amino_acids_NA_alin.fasta.model.gz
CPU time for ModelFinder: 79.193 seconds (0h:1m:19s)
Wall-clock time for ModelFinder: 79.538 seconds (0h:1m:19s)
Generating 1000 samples for ultrafast bootstrap (seed: 869447)...

NOTE: 23 MB RAM (0 GB) is required!
Estimate model parameters (epsilon = 0.100)
1. Initial log-likelihood: -16717.582
Optimal log-likelihood: -16717.555
Gamma shape alpha: 0.771
Parameters optimization took 1 rounds (0.153 sec)
Wrote distance file to... 
Computing ML distances based on estimated model parameters...
Calculating distance matrix: done in 1.27763 secs using 99.64% CPU
Computing ML distances took 1.277778 sec (of wall-clock time) 1.273094 sec (of CPU time)
Setting up auxiliary I and S matrices: done in 8.2016e-05 secs using 123.1% CPU
Computing RapidNJ tree took 0.000281 sec (of wall-clock time) 0.000445 sec (of CPU time)
Log-likelihood of RapidNJ tree: -16811.660
--------------------------------------------------------------------
|             INITIALIZING CANDIDATE TREE SET                      |
--------------------------------------------------------------------
Generating 98 parsimony trees... 0.326 second
Computing log-likelihood of 98 initial trees ... 4.724 seconds
Current best score: -16717.555

Do NNI search on 20 best initial trees
Estimate model parameters (epsilon = 0.100)
BETTER TREE FOUND at iteration 1: -16707.856
Estimate model parameters (epsilon = 0.100)
BETTER TREE FOUND at iteration 2: -16697.550
Estimate model parameters (epsilon = 0.100)
BETTER TREE FOUND at iteration 3: -16694.533
Iteration 10 / LogL: -16708.032 / Time: 0h:1m:36s
Iteration 20 / LogL: -16694.645 / Time: 0h:1m:47s
Finish initializing candidate tree set (16)
Current best tree score: -16694.533 / CPU time: 25.909
Number of iterations: 20
--------------------------------------------------------------------
|               OPTIMIZING CANDIDATE TREE SET                      |
--------------------------------------------------------------------
Iteration 30 / LogL: -16698.073 / Time: 0h:1m:58s (0h:1m:39s left)
Estimate model parameters (epsilon = 0.100)
BETTER TREE FOUND at iteration 34: -16694.025
Iteration 40 / LogL: -16694.780 / Time: 0h:2m:11s (0h:2m:4s left)
Iteration 50 / LogL: -16698.681 / Time: 0h:2m:22s (0h:1m:47s left)
Log-likelihood cutoff on original alignment: -16741.055
Iteration 60 / LogL: -16694.735 / Time: 0h:2m:33s (0h:1m:32s left)
Iteration 70 / LogL: -16694.570 / Time: 0h:2m:46s (0h:1m:20s left)
Iteration 80 / LogL: -16694.916 / Time: 0h:2m:57s (0h:1m:6s left)
Iteration 90 / LogL: -16694.924 / Time: 0h:3m:9s (0h:0m:54s left)
Iteration 100 / LogL: -16697.949 / Time: 0h:3m:21s (0h:0m:41s left)
Log-likelihood cutoff on original alignment: -16741.055
NOTE: Bootstrap correlation coefficient of split occurrence frequencies: 0.999
Iteration 110 / LogL: -16695.056 / Time: 0h:3m:32s (0h:1m:50s left)
Iteration 120 / LogL: -16694.872 / Time: 0h:3m:45s (0h:1m:37s left)
Iteration 130 / LogL: -16697.233 / Time: 0h:3m:56s (0h:1m:25s left)
TREE SEARCH COMPLETED AFTER 135 ITERATIONS / Time: 0h:4m:1s

--------------------------------------------------------------------
|                    FINALIZING TREE SEARCH                        |
--------------------------------------------------------------------
Performs final model parameters optimization
Estimate model parameters (epsilon = 0.010)
1. Initial log-likelihood: -16694.025
Optimal log-likelihood: -16694.017
Gamma shape alpha: 0.759
Parameters optimization took 1 rounds (0.131 sec)
BEST SCORE FOUND : -16694.017

Testing tree branches by SH-like aLRT with 1000 replicates...
0.496 sec.
Creating bootstrap support values...
Split supports printed to NEXUS file amino_acids_NA_alin.fasta.splits.nex
Total tree length: 19.096

Total number of iterations: 135
CPU time used for tree search: 160.132 sec (0h:2m:40s)
Wall-clock time used for tree search: 160.528 sec (0h:2m:40s)
Total CPU time used: 241.809 sec (0h:4m:1s)
Total wall-clock time used: 242.572 sec (0h:4m:2s)

Computing bootstrap consensus tree...
Reading input file amino_acids_NA_alin.fasta.splits.nex...
71 taxa and 303 splits.
Consensus tree written to amino_acids_NA_alin.fasta.contree
Reading input trees file amino_acids_NA_alin.fasta.contree
Log-likelihood of consensus tree: -16694.497

Analysis results written to: 
  IQ-TREE report:                amino_acids_NA_alin.fasta.iqtree
  Maximum-likelihood tree:       amino_acids_NA_alin.fasta.treefile
  Likelihood distances:          amino_acids_NA_alin.fasta.mldist

Ultrafast bootstrap approximation results written to:
  Split support values:          amino_acids_NA_alin.fasta.splits.nex
  Consensus tree:                amino_acids_NA_alin.fasta.contree
  Screen log file:               amino_acids_NA_alin.fasta.log

Date and Time: Mon Apr 22 20:55:04 2024
