IQ-TREE multicore version 2.3.2 COVID-edition for Mac OS X 64-bit built Apr  9 2024
Developed by Bui Quang Minh, James Barbetti, Nguyen Lam Tung,
Olga Chernomor, Heiko Schmidt, Dominik Schrempf, Michael Woodhams, Ly Trong Nhan, Thomas Wong

Host:    Daniel-2.local (SSE4.2, 8 GB RAM)
Command: iqtree2 -m TEST -s amino_acids_PB1_alin.fasta -bb 1000 -alrt 1000
Seed:    678293 (Using SPRNG - Scalable Parallel Random Number Generator)
Time:    Mon Apr 22 14:55:49 2024
Kernel:  SSE2 - 1 threads (8 CPU cores detected)

HINT: Use -nt option to specify number of threads because your CPU has 8 cores!
HINT: -nt AUTO will automatically determine the best number of threads to use.

Reading alignment file amino_acids_PB1_alin.fasta ... Fasta format detected
Reading fasta file: done in 0.00152588 secs using 71.24% CPU
Alignment most likely contains protein sequences
Alignment has 68 sequences with 849 columns, 343 distinct patterns
281 parsimony-informative, 42 singleton sites, 526 constant sites
                                                                            Gap/Ambiguity  Composition  p-value
Analyzing sequences: done in 4.00543e-05 secs using 94.87% CPU
   1  Influenza_A_virus_A/South_Carolina/1/18_H1N1                                 10.84%    passed    100.00%
   2  Influenza_A_virus_A/chicken/Egypt/0891/2008_H5N1                              0.24%    passed    100.00%
   3  Influenza_A_virus_A/turkey/England/50-92/91_H5N1                             10.84%    passed    100.00%
   4  Influenza_A_virus_A/ruddy_turnstone/DE/773/1988_H9N6                          0.24%    passed    100.00%
   5  Influenza_A_virus_A/chicken/Rostock/5/193_H7N1                                0.12%    passed    100.00%
   6  Influenza_A_virus_A/Mallard_Duck/Alberta/32/83_H12N1                         10.72%    passed    100.00%
   7  Influenza_A_virus_A/mallard/ALB/5/1995_H10N1                                  0.12%    passed    100.00%
   8  Influenza_A_virus_A/northern_shoveler/Calinia/AKS273/2007_H8N                 0.24%    passed    100.00%
   9  Influenza_A_virus_A/duck/HK/17/1977_H9N6                                      0.24%    passed    100.00%
  10  Influenza_A_virus_A/herring_gull/DE/712/1988_H16N3                            0.24%    passed    100.00%
  11  Influenza_A_virus_A/glaucous_gull/Alaska/198-027/2006_H16N3                  10.84%    passed    100.00%
  12  Influenza_A_virus_A/quail/Italy/1117/1965_H10N8                               0.24%    passed    100.00%
  13  Influenza_A_virus_A/rosy-billed_pocrd/Argentina/CIP051-557/2007_H6N2          0.24%    passed    100.00%
  14  Influenza_A_virus_A/mallard/ALB/7/1998_HN1                                    0.24%    passed    100.00%
  15  Influenza_A_virus_A/turkey/Ontario/6118/1968_H8N                              0.24%    passed    100.00%
  16  Influenza_A_virus_A/mallard_duck/ALB/2/1977_H1N6                              0.24%    passed    100.00%
  17  Influenza_A_virus_A/herring_gull/DE/75/1986_H13N2                            10.84%    passed    100.00%
  18  Influenza_A_virus_A/black_duck/Perth/699/1978_H3N8                            0.24%    passed    100.00%
  19  Influenza_A_virus_A/chicken/Chis/1522/1997_H5N2                               0.24%    passed    100.00%
  20  Influenza_A_virus_A/sooty_tern/Western_Australia/2190/1983_H15N9              0.24%    passed    100.00%
  21  Influenza_A_virus_A/gray_teal/Western_Australia/180/1979_HN                   0.24%    passed    100.00%
  22  Influenza_A_virus_A/mallard/Manitoba/23912/2007_HN7                           0.24%    passed    100.00%
  23  Influenza_A_virus_A/mallard/ALB/19/1992_H8N                                   0.24%    passed    100.00%
  24  Influenza_A_virus_A/aquatic_bird/India/NIV-17095/2007_H11N1                   0.24%    passed    100.00%
  25  Influenza_A_virus_A/equine/Argentina/1/1977_H7N7                              0.24%    passed    100.00%
  26  Influenza_A_virus_A/bar_headed_goose/Mongolia/13/2005_H12N3                   0.24%    passed    100.00%
  27  Influenza_A_virus_A/semi-palmated_sandpiper/Brazil/3/1990_H2N1                0.24%    passed    100.00%
  28  Influenza_A_virus_A/El_Salvador/2/1957_H2N2                                   0.24%    passed    100.00%
  29  Influenza_A_virus_A/mallard_duck/ALB/26/1976_H3N1                             0.24%    passed    100.00%
  30  Influenza_A_virus_A/mallard/Alberta/11/1991_H9N2                             10.84%    passed    100.00%
  31  Influenza_A_virus_A/mallard/Netherlands/2/1999_H3N5                           0.24%    passed    100.00%
  32  Influenza_A_virus_A/Calinia/0/2009_H1N1                                      10.84%    passed    100.00%
  33  Influenza_A_virus_A/swine/Argentina/CIP051-StaFeN2/2010_H1N2                 10.84%    passed    100.00%
  34  Influenza_A_virus_A/New_York/802/1993_H3N2                                    0.24%    passed    100.00%
  35  Influenza_A_virus_A/Panama/2007/1999_H3N2                                    10.84%    passed    100.00%
  36  Influenza_A_virus_A/Managua/10.02/2010_H3N2                                   0.24%    passed    100.00%
  37  Influenza_A_virus_A/chicken/Yokoma/aq55/2001_H9N2                             0.24%    passed    100.00%
  38  Influenza_A_virus_A/common_teal/Netherlands/10/2000_H1N1                      0.24%    passed    100.00%
  39  Influenza_A_virus_A/black_duck/Ohio/19/1986_H11N1                             0.24%    passed    100.00%
  40  Influenza_A_virus_A/mallard/Sweden/58/2003_H11N1                              0.24%    passed    100.00%
  41  Influenza_A_virus_A/slaty-backed_gull/Japan/6KS0191/2006_HN8                  0.12%    passed    100.00%
  42  Influenza_A_virus_A/swine/Korea/PZ72-1/2006_H3N1                             10.95%    passed    100.00%
  43  Influenza_A_virus_A/gray_teal/Australia/1/1979_H6N1                           0.24%    passed    100.00%
  44  Influenza_A_virus_A/northern_shoveler/Washington/29-700/2006_H10N1            0.24%    passed    100.00%
  45  Influenza_A_virus_A/northern_shoveler/Mississippi/09OS025/2009_H12N5          4.12%    passed    100.00%
  46  Influenza_A_virus_A/duck/Nancng/-18/2000_H2N9                                 0.24%    passed    100.00%
  47  Influenza_A_virus_A/mallard_duck/ALB/57/1976_H5N2                             0.24%    passed    100.00%
  48  Influenza_A_virus_A/duck/Mongolia/7/2001_H7N1                                 0.24%    passed    100.00%
  49  Influenza_A_virus_A/whiskered_tern/Egypt/0/200_H6N2                           0.24%    passed    100.00%
  50  Influenza_A_virus_A/mallard/Ohio/6/1989_H6N8                                  0.59%    passed    100.00%
  51  Influenza_A_virus_A/duck/New_Zealand/1/198_H5N2                               4.71%    passed    100.00%
  52  Influenza_A_virus_A/blue-winged_teal/Guatemala/CIP09-02/2008_H7N9             0.24%    passed    100.00%
  53  Influenza_A_virus_A/swine/Tennessee/1/1975_H1N1                               4.71%    passed    100.00%
  54  Influenza_A_virus_A/swine/Hong_Kong/103/1993_H1N1                            10.84%    passed    100.00%
  55  Influenza_A_virus_A/Viet_Nam/1203/200_H5N1                                    0.24%    passed    100.00%
  56  Influenza_A_virus_A/Puerto_Rico/8/193_H1N1                                    0.59%    passed    100.00%
  57  Influenza_A_virus_A/Malaysia/5_H1N1                                           4.12%    passed    100.00%
  58  Influenza_A_virus_A/Brazil/11/1978_H1N1                                       4.12%    passed    100.00%
  59  Influenza_A_virus_A/equine/Sao_Paulo/6/1963_H3N8                              0.24%    passed    100.00%
  60  Influenza_A_virus_A/environment/New_York/30732-1/2005_H7N2                    0.24%    passed    100.00%
  61  Influenza_A_virus_A/little_yellow-shouldered_bat/Guatemala/153/2009_H17N10   10.95%    passed     98.03%
  62  Influenza_A_virus_A/little_yellow-shouldered_bat/Guatemala/16/2009_H17N10    10.95%    passed     98.03%
  63  Influenza_A_virus_A/little_yellow-shouldered_bat/Guatemala/060/2010_H17N10   10.95%    passed     98.99%
  64  Influenza_A_virus_A/dark_fruit-eating_bat/Bolivia/PBV780-781/2011_H18N11     10.95%    passed     99.90%
  65  Influenza_A_virus_A/flat-faced_bat/Peru/033/2010_H18N11                      10.95%    passed     99.87%
  66  Influenza_A_virus_A/Artibeus_lituratus/Brazil/2301/2012_H18N11               10.95%    passed     99.77%
  67  Influenza_A_virus_A/Artibeus_lituratus/Brazil/23/2012_H18N11                 10.95%    passed     99.71%
  68  Influenza_A_virus_A/Noctilio_albiventris/Colombia/2023                       11.54%    passed     99.90%
****  TOTAL                                                                         3.53%  0 sequences failed composition chi2 test (p-value<5%; df=19)
NOTE: Influenza_A_virus_A/little_yellow-shouldered_bat/Guatemala/16/2009_H17N10 is identical to Influenza_A_virus_A/little_yellow-shouldered_bat/Guatemala/153/2009_H17N10 but kept for subsequent analysis

Creating fast initial parsimony tree by random order stepwise addition...
0.005 seconds, parsimony score: 921 (based on 323 sites)
Perform fast likelihood tree search using LG+I+G model...
Estimate model parameters (epsilon = 5.000)
Perform nearest neighbor interchange...
Estimate model parameters (epsilon = 1.000)
1. Initial log-likelihood: -8500.038
Optimal log-likelihood: -8499.767
Proportion of invariable sites: 0.340
Gamma shape alpha: 0.396
Parameters optimization took 1 rounds (0.216 sec)
Time for fast ML tree search: 1.570 seconds

NOTE: ModelFinder requires 16 MB RAM!
ModelFinder will test up to 224 protein models (sample size: 849) ...
 No. Model         -LnL         df  AIC          AICc         BIC
  1  LG            9066.254     133 18398.507    18448.359    19029.467
  2  LG+I          8661.428     134 17590.855    17641.527    18226.559
  3  LG+G4         8523.634     134 17315.268    17365.940    17950.972
  4  LG+I+G4       8499.117     135 17268.233    17319.734    17908.681
  8  LG+F+I+G4     8461.448     154 17230.895    17299.685    17961.480
 12  WAG+I+G4      8501.087     135 17272.175    17323.675    17912.623
 16  WAG+F+I+G4    8440.488     154 17188.976    17257.765    17919.561
 20  JTT+I+G4      8258.120     135 16786.240    16837.741    17426.688
 24  JTT+F+I+G4    8215.173     154 16738.346    16807.135    17468.931
WARNING: Normalizing state frequencies so that sum of them equals to 1
 28  Q.pfam+I+G4   8504.725     135 17279.451    17330.951    17919.899
WARNING: Normalizing state frequencies so that sum of them equals to 1
 32  Q.pfam+F+I+G4 8464.922     154 17237.844    17306.634    17968.429
WARNING: Normalizing state frequencies so that sum of them equals to 1
 36  Q.bird+I+G4   8146.341     135 16562.681    16614.182    17203.129
WARNING: Normalizing state frequencies so that sum of them equals to 1
 40  Q.bird+F+I+G4 8092.635     154 16493.270    16562.060    17223.855
WARNING: Normalizing state frequencies so that sum of them equals to 1
 44  Q.mammal+I+G4 8175.877     135 16621.754    16673.255    17262.202
WARNING: Normalizing state frequencies so that sum of them equals to 1
 48  Q.mammal+F+I+G4 8115.851     154 16539.702    16608.491    17270.287
 52  Q.insect+I+G4 8425.550     135 17121.099    17172.600    17761.547
 56  Q.insect+F+I+G4 8364.266     154 17036.532    17105.322    17767.117
WARNING: Normalizing state frequencies so that sum of them equals to 1
 60  Q.plant+I+G4  8252.817     135 16775.634    16827.135    17416.082
WARNING: Normalizing state frequencies so that sum of them equals to 1
 64  Q.plant+F+I+G4 8207.992     154 16723.984    16792.774    17454.569
WARNING: Normalizing state frequencies so that sum of them equals to 1
 68  Q.yeast+I+G4  8487.552     135 17245.103    17296.604    17885.551
WARNING: Normalizing state frequencies so that sum of them equals to 1
 72  Q.yeast+F+I+G4 8411.221     154 17130.443    17199.232    17861.028
 76  JTTDCMut+I+G4 8259.563     135 16789.126    16840.627    17429.574
 80  JTTDCMut+F+I+G4 8214.903     154 16737.806    16806.595    17468.391
 84  DCMut+I+G4    8537.607     135 17345.215    17396.716    17985.663
 88  DCMut+F+I+G4  8441.740     154 17191.480    17260.270    17922.065
 92  VT+I+G4       8484.517     135 17239.035    17290.535    17879.483
 96  VT+F+I+G4     8441.385     154 17190.770    17259.559    17921.355
100  PMB+I+G4      8632.601     135 17535.202    17586.702    18175.650
104  PMB+F+I+G4    8594.964     154 17497.927    17566.717    18228.512
108  Blosum62+I+G4 8653.029     135 17576.058    17627.559    18216.506
112  Blosum62+F+I+G4 8620.009     154 17548.018    17616.807    18278.603
116  Dayhoff+I+G4  8536.645     135 17343.290    17394.791    17983.738
120  Dayhoff+F+I+G4 8441.061     154 17190.123    17258.912    17920.708
124  mtREV+I+G4    8841.039     135 17952.078    18003.579    18592.526
128  mtREV+F+I+G4  8537.772     154 17383.544    17452.333    18114.129
132  mtART+I+G4    8995.247     135 18260.494    18311.995    18900.942
136  mtART+F+I+G4  8683.281     154 17674.562    17743.352    18405.148
140  mtZOA+I+G4    8815.712     135 17901.424    17952.925    18541.872
144  mtZOA+F+I+G4  8544.808     154 17397.616    17466.406    18128.201
148  mtMet+I+G4    8715.264     135 17700.528    17752.029    18340.976
152  mtMet+F+I+G4  8368.048     154 17044.096    17112.885    17774.681
156  mtVer+I+G4    8728.379     135 17726.757    17778.258    18367.205
160  mtVer+F+I+G4  8384.430     154 17076.860    17145.649    17807.445
164  mtInv+I+G4    8860.471     135 17990.942    18042.443    18631.390
168  mtInv+F+I+G4  8425.185     154 17158.369    17227.159    17888.954
172  mtMAM+I+G4    8859.938     135 17989.875    18041.376    18630.323
176  mtMAM+F+I+G4  8548.724     154 17405.449    17474.238    18136.034
WARNING: Normalizing state frequencies so that sum of them equals to 1
180  FLAVI+I+G4    8052.191     135 16374.382    16425.883    17014.830
WARNING: Normalizing state frequencies so that sum of them equals to 1
184  FLAVI+F+I+G4  8017.132     154 16342.264    16411.053    17072.849
188  HIVb+I+G4     8138.368     135 16546.736    16598.236    17187.184
192  HIVb+F+I+G4   8130.464     154 16568.927    16637.717    17299.512
196  HIVw+I+G4     8127.916     135 16525.831    16577.332    17166.279
200  HIVw+F+I+G4   8094.248     154 16496.496    16565.285    17227.081
204  FLU+I+G4      8144.502     135 16559.004    16610.505    17199.452
208  FLU+F+I+G4    8149.465     154 16606.930    16675.719    17337.515
212  rtREV+I+G4    8582.172     135 17434.343    17485.844    18074.791
216  rtREV+F+I+G4  8512.535     154 17333.069    17401.859    18063.655
220  cpREV+I+G4    8392.110     135 17054.220    17105.721    17694.668
224  cpREV+F+I+G4  8392.529     154 17093.058    17161.848    17823.643
Akaike Information Criterion:           FLAVI+F+I+G4
Corrected Akaike Information Criterion: FLAVI+F+I+G4
Bayesian Information Criterion:         FLAVI+I+G4
Best-fit model: FLAVI+I+G4 chosen according to BIC

All model information printed to amino_acids_PB1_alin.fasta.model.gz
CPU time for ModelFinder: 27.626 seconds (0h:0m:27s)
Wall-clock time for ModelFinder: 27.828 seconds (0h:0m:27s)
Generating 1000 samples for ultrafast bootstrap (seed: 678293)...
WARNING: Normalizing state frequencies so that sum of them equals to 1

NOTE: 16 MB RAM (0 GB) is required!
Estimate model parameters (epsilon = 0.100)
Thoroughly optimizing +I+G parameters from 10 start values...
Init pinv, alpha: 0.000, 0.438 / Estimate: 0.000, 0.220 / LogL: -8071.860
Init pinv, alpha: 0.069, 0.438 / Estimate: 0.343, 0.380 / LogL: -8052.724
Init pinv, alpha: 0.138, 0.438 / Estimate: 0.342, 0.379 / LogL: -8052.738
Init pinv, alpha: 0.207, 0.438 / Estimate: 0.346, 0.382 / LogL: -8052.671
Init pinv, alpha: 0.275, 0.438 / Estimate: 0.346, 0.383 / LogL: -8052.668
Init pinv, alpha: 0.344, 0.438 / Estimate: 0.358, 0.394 / LogL: -8052.470
Init pinv, alpha: 0.413, 0.438 / Estimate: 0.409, 0.454 / LogL: -8052.236
Init pinv, alpha: 0.482, 0.438 / Estimate: 0.427, 0.481 / LogL: -8052.460
Init pinv, alpha: 0.551, 0.438 / Estimate: 0.430, 0.485 / LogL: -8052.504
Init pinv, alpha: 0.620, 0.438 / Estimate: 0.430, 0.486 / LogL: -8052.518
Optimal pinv,alpha: 0.409, 0.454 / LogL: -8052.236

Parameters optimization took 15.003 sec
Wrote distance file to... 
Computing ML distances based on estimated model parameters...
Calculating distance matrix: done in 1.09312 secs using 99.63% CPU
Computing ML distances took 1.093463 sec (of wall-clock time) 1.089186 sec (of CPU time)
Setting up auxiliary I and S matrices: done in 7.39098e-05 secs using 127.2% CPU
Computing RapidNJ tree took 0.000298 sec (of wall-clock time) 0.000484 sec (of CPU time)
Log-likelihood of RapidNJ tree: -8055.241
--------------------------------------------------------------------
|             INITIALIZING CANDIDATE TREE SET                      |
--------------------------------------------------------------------
Generating 98 parsimony trees... 0.271 second
Computing log-likelihood of 98 initial trees ... 3.317 seconds
Current best score: -7953.743

Do NNI search on 20 best initial trees
Estimate model parameters (epsilon = 0.100)
BETTER TREE FOUND at iteration 1: -7927.818
Estimate model parameters (epsilon = 0.100)
BETTER TREE FOUND at iteration 3: -7920.024
Estimate model parameters (epsilon = 0.100)
BETTER TREE FOUND at iteration 5: -7919.403
Iteration 10 / LogL: -7924.788 / Time: 0h:0m:58s
Estimate model parameters (epsilon = 0.100)
BETTER TREE FOUND at iteration 12: -7912.240
Iteration 20 / LogL: -7959.971 / Time: 0h:1m:8s
Finish initializing candidate tree set (20)
Current best tree score: -7912.240 / CPU time: 24.036
Number of iterations: 20
--------------------------------------------------------------------
|               OPTIMIZING CANDIDATE TREE SET                      |
--------------------------------------------------------------------
Estimate model parameters (epsilon = 0.100)
BETTER TREE FOUND at iteration 24: -7906.971
Iteration 30 / LogL: -7909.884 / Time: 0h:1m:19s (0h:2m:49s left)
UPDATE BEST LOG-LIKELIHOOD: -7906.971
Iteration 40 / LogL: -7906.971 / Time: 0h:1m:31s (0h:2m:17s left)
Iteration 50 / LogL: -7907.401 / Time: 0h:1m:44s (0h:1m:55s left)
Log-likelihood cutoff on original alignment: -7981.689
Estimate model parameters (epsilon = 0.100)
BETTER TREE FOUND at iteration 51: -7906.708
Estimate model parameters (epsilon = 0.100)
BETTER TREE FOUND at iteration 60: -7906.428
Iteration 60 / LogL: -7906.428 / Time: 0h:1m:56s (0h:2m:30s left)
BETTER TREE FOUND at iteration 63: -7906.427
Iteration 70 / LogL: -7906.860 / Time: 0h:2m:7s (0h:2m:14s left)
Iteration 80 / LogL: -7909.195 / Time: 0h:2m:21s (0h:1m:59s left)
Estimate model parameters (epsilon = 0.100)
BETTER TREE FOUND at iteration 83: -7906.360
Iteration 90 / LogL: -7906.360 / Time: 0h:2m:32s (0h:2m:10s left)
BETTER TREE FOUND at iteration 94: -7906.360
Iteration 100 / LogL: -7908.788 / Time: 0h:2m:44s (0h:2m:9s left)
Log-likelihood cutoff on original alignment: -7981.689
NOTE: Bootstrap correlation coefficient of split occurrence frequencies: 0.995
UPDATE BEST LOG-LIKELIHOOD: -7906.359
Iteration 110 / LogL: -7911.045 / Time: 0h:2m:57s (0h:2m:3s left)
Iteration 120 / LogL: -7906.360 / Time: 0h:3m:9s (0h:1m:48s left)
Iteration 130 / LogL: -7906.359 / Time: 0h:3m:23s (0h:1m:35s left)
Iteration 140 / LogL: -7911.100 / Time: 0h:3m:35s (0h:1m:21s left)
Iteration 150 / LogL: -7906.678 / Time: 0h:3m:47s (0h:1m:6s left)
Log-likelihood cutoff on original alignment: -7981.689
UPDATE BEST LOG-LIKELIHOOD: -7906.359
Iteration 160 / LogL: -7908.498 / Time: 0h:3m:58s (0h:0m:53s left)
Iteration 170 / LogL: -7914.665 / Time: 0h:4m:11s (0h:0m:39s left)
Iteration 180 / LogL: -7906.890 / Time: 0h:4m:22s (0h:0m:26s left)
Iteration 190 / LogL: -7907.058 / Time: 0h:4m:34s (0h:0m:13s left)
TREE SEARCH COMPLETED AFTER 195 ITERATIONS / Time: 0h:4m:40s

--------------------------------------------------------------------
|                    FINALIZING TREE SEARCH                        |
--------------------------------------------------------------------
Performs final model parameters optimization
Estimate model parameters (epsilon = 0.010)
1. Initial log-likelihood: -7906.359
Optimal log-likelihood: -7906.359
Proportion of invariable sites: 0.396
Gamma shape alpha: 0.448
Parameters optimization took 1 rounds (0.113 sec)
BEST SCORE FOUND : -7906.359

Testing tree branches by SH-like aLRT with 1000 replicates...
0.588 sec.
Creating bootstrap support values...
Split supports printed to NEXUS file amino_acids_PB1_alin.fasta.splits.nex
Total tree length: 2.512

Total number of iterations: 195
CPU time used for tree search: 235.268 sec (0h:3m:55s)
Wall-clock time used for tree search: 235.869 sec (0h:3m:55s)
Total CPU time used: 280.016 sec (0h:4m:40s)
Total wall-clock time used: 280.886 sec (0h:4m:40s)

Computing bootstrap consensus tree...
Reading input file amino_acids_PB1_alin.fasta.splits.nex...
68 taxa and 972 splits.
Consensus tree written to amino_acids_PB1_alin.fasta.contree
Reading input trees file amino_acids_PB1_alin.fasta.contree
Log-likelihood of consensus tree: -7906.362

Analysis results written to: 
  IQ-TREE report:                amino_acids_PB1_alin.fasta.iqtree
  Maximum-likelihood tree:       amino_acids_PB1_alin.fasta.treefile
  Likelihood distances:          amino_acids_PB1_alin.fasta.mldist

Ultrafast bootstrap approximation results written to:
  Split support values:          amino_acids_PB1_alin.fasta.splits.nex
  Consensus tree:                amino_acids_PB1_alin.fasta.contree
  Screen log file:               amino_acids_PB1_alin.fasta.log

Date and Time: Mon Apr 22 15:00:30 2024
