IQ-TREE multicore version 2.3.2 COVID-edition for Mac OS X 64-bit built Apr  9 2024
Developed by Bui Quang Minh, James Barbetti, Nguyen Lam Tung,
Olga Chernomor, Heiko Schmidt, Dominik Schrempf, Michael Woodhams, Ly Trong Nhan, Thomas Wong

Host:    Daniel-2.local (SSE4.2, 8 GB RAM)
Command: iqtree2 -m TEST -s amino_acids_NS_alin.fasta -bb 1000 -alrt 1000
Seed:    215091 (Using SPRNG - Scalable Parallel Random Number Generator)
Time:    Mon Apr 22 21:41:33 2024
Kernel:  SSE2 - 1 threads (8 CPU cores detected)

HINT: Use -nt option to specify number of threads because your CPU has 8 cores!
HINT: -nt AUTO will automatically determine the best number of threads to use.

Reading alignment file amino_acids_NS_alin.fasta ... Fasta format detected
Reading fasta file: done in 0.000787973 secs using 34.77% CPU
Alignment most likely contains protein sequences
Alignment has 70 sequences with 232 columns, 183 distinct patterns
154 parsimony-informative, 10 singleton sites, 68 constant sites
                                                                            Gap/Ambiguity  Composition  p-value
Analyzing sequences: done in 2.21729e-05 secs using 94.71% CPU
   1  Influenza_A_virus_A/South_Carolina/1/18_H1N1                                  0.86%    passed    100.00%
   2  Influenza_A_virus_A/duck/Nancng/-18/2000_H2N9                                 0.86%    passed    100.00%
   3  Influenza_A_virus_A/duck/Mongolia/7/2001_H7N1                                 0.86%    passed    100.00%
   4  Influenza_A_virus_A/mallard/Alberta/11/1991_H9N2                              0.86%    passed    100.00%
   5  Influenza_A_virus_A/northern_shoveler/Washington/29-700/2006_H10N1            0.86%    passed    100.00%
   6  Influenza_A_virus_A/black_duck/Ohio/19/1986_H11N1                             0.86%    passed    100.00%
   7  Influenza_A_virus_A/mallard/Sweden/58/2003_H11N1                              0.86%    passed    100.00%
   8  Influenza_A_virus_A/aquatic_bird/India/NIV-17095/2007_H11N1                   0.86%    passed    100.00%
   9  Influenza_A_virus_A/mallard/ALB/19/1992_H8N                                   0.86%    passed    100.00%
  10  Influenza_A_virus_A/duck/HK/17/1977_H9N6                                      0.86%    passed    100.00%
  11  Influenza_A_virus_A/Mallard_Duck/Alberta/32/83_H12N1                          0.86%    passed    100.00%
  12  Influenza_A_virus_A/duck/New_Zealand/1/198_H5N2                               0.86%    passed    100.00%
  13  Influenza_A_virus_A/blue-winged_teal/Guatemala/CIP09-02/2008_H7N9             0.86%    passed    100.00%
  14  Influenza_A_virus_A/turkey/Ontario/6118/1968_H8N                              0.86%    passed    100.00%
  15  Influenza_A_virus_A/mallard/Manitoba/23912/2007_HN7                           0.86%    passed    100.00%
  16  Influenza_A_virus_A/mallard/ALB/5/1995_H10N1                                  0.86%    passed    100.00%
  17  Influenza_A_virus_A/mallard/Netherlands/2/1999_H3N5                           0.86%    passed    100.00%
  18  Influenza_A_virus_A/bar_headed_goose/Mongolia/13/2005_H12N3                   0.86%    passed    100.00%
  19  Influenza_A_virus_A/black_duck/Perth/699/1978_H3N8                            0.86%    passed    100.00%
  20  Influenza_A_virus_A/gray_teal/Australia/1/1979_H6N1                           0.86%    passed    100.00%
  21  Influenza_A_virus_A/gray_teal/Western_Australia/180/1979_HN                   0.86%    passed    100.00%
  22  Influenza_A_virus_A/sooty_tern/Western_Australia/2190/1983_H15N9              0.86%    passed    100.00%
  23  Influenza_A_virus_A/whiskered_tern/Egypt/0/200_H6N2                           0.86%    passed    100.00%
  24  Influenza_A_virus_A/northern_shoveler/Calinia/AKS273/2007_H8N                 0.86%    passed    100.00%
  25  Influenza_A_virus_A/quail/Italy/1117/1965_H10N8                               0.86%    passed    100.00%
  26  Influenza_A_virus_A/ruddy_turnstone/DE/773/1988_H9N6                          0.86%    passed    100.00%
  27  Influenza_A_virus_A/mallard/Ohio/6/1989_H6N8                                  0.86%    passed    100.00%
  28  Influenza_A_virus_A/chicken/Rostock/5/193_H7N1                                0.86%    passed    100.00%
  29  Influenza_A_virus_A/equine/Sao_Paulo/6/1963_H3N8                              0.86%    passed    100.00%
  30  Influenza_A_virus_A/equine/Argentina/1/1977_H7N7                              0.86%    passed    100.00%
  31  Influenza_A_virus_A/Puerto_Rico/8/193_H1N1                                    0.86%    passed    100.00%
  32  Influenza_A_virus_A/Malaysia/5_H1N1                                           0.86%    passed    100.00%
  33  Influenza_A_virus_A/El_Salvador/2/1957_H2N2                                   0.86%    passed    100.00%
  34  Influenza_A_virus_A/Brazil/11/1978_H1N1                                       0.86%    passed    100.00%
  35  Influenza_A_virus_A/slaty-backed_gull/Japan/6KS0191/2006_HN8                  0.86%    passed    100.00%
  36  Influenza_A_virus_A/Viet_Nam/1203/200_H5N1                                    7.33%    passed    100.00%
  37  Influenza_A_virus_A/chicken/Egypt/0891/2008_H5N1                              3.02%    passed    100.00%
  38  Influenza_A_virus_A/chicken/Yokoma/aq55/2001_H9N2                             6.47%    passed     99.93%
  39  Influenza_A_virus_A/semi-palmated_sandpiper/Brazil/3/1990_H2N1                0.86%    passed    100.00%
  40  Influenza_A_virus_A/swine/Tennessee/1/1975_H1N1                               5.60%    passed     99.72%
  41  Influenza_A_virus_A/swine/Hong_Kong/103/1993_H1N1                             5.60%    passed     99.99%
  42  Influenza_A_virus_A/swine/Korea/PZ72-1/2006_H3N1                              5.60%    passed     99.01%
  43  Influenza_A_virus_A/Calinia/0/2009_H1N1                                       5.60%    passed     99.73%
  44  Influenza_A_virus_A/swine/Argentina/CIP051-StaFeN2/2010_H1N2                  5.60%    passed     99.61%
  45  Influenza_A_virus_A/New_York/802/1993_H3N2                                    0.86%    passed     99.99%
  46  Influenza_A_virus_A/Panama/2007/1999_H3N2                                     1.29%    passed     99.96%
  47  Influenza_A_virus_A/Managua/10.02/2010_H3N2                                   0.86%    passed     99.95%
  48  Influenza_A_virus_A/herring_gull/DE/75/1986_H13N2                             0.86%    passed    100.00%
  49  Influenza_A_virus_A/herring_gull/DE/712/1988_H16N3                            0.86%    passed    100.00%
  50  Influenza_A_virus_A/Mongolian_gull/Mongolia/01/2007_H13N6                     0.86%    passed     99.69%
  51  Influenza_A_virus_A/glaucous_gull/Alaska/198-027/2006_H16N3                   0.86%    passed    100.00%
  52  Influenza_A_virus_A/common_teal/Netherlands/10/2000_H1N1                      0.86%    passed     99.13%
  53  Influenza_A_virus_A/red-winged_tinamou/Argentina/MP1/2008_H1N1                0.86%    passed     97.56%
  54  Influenza_A_virus_A/rosy-billed_pocrd/Argentina/CIP051-557/2007_H6N2          0.86%    passed     97.56%
  55  Influenza_A_virus_A/mallard_duck/ALB/2/1977_H1N6                              0.86%    passed     99.27%
  56  Influenza_A_virus_A/northern_shoveler/Mississippi/09OS025/2009_H12N5          0.86%    passed     99.67%
  57  Influenza_A_virus_A/mallard_duck/ALB/26/1976_H3N1                             0.86%    passed     99.48%
  58  Influenza_A_virus_A/mallard/ALB/7/1998_HN1                                    0.86%    passed     99.68%
  59  Influenza_A_virus_A/mallard_duck/ALB/57/1976_H5N2                             0.86%    passed     97.94%
  60  Influenza_A_virus_A/turkey/England/50-92/91_H5N1                              0.86%    passed     99.52%
  61  Influenza_A_virus_A/environment/New_York/30732-1/2005_H7N2                    0.86%    passed     95.39%
  62  Influenza_A_virus_A/chicken/Chis/1522/1997_H5N2                               0.86%    passed     94.10%
  63  Influenza_A_virus_A/little_yellow-shouldered_bat/Guatemala/153/2009_H17N10    4.74%    passed     34.84%
  64  Influenza_A_virus_A/little_yellow-shouldered_bat/Guatemala/16/2009_H17N10     4.74%    passed     34.84%
  65  Influenza_A_virus_A/little_yellow-shouldered_bat/Guatemala/060/2010_H17N10    4.74%    passed     34.43%
  66  Influenza_A_virus_A/dark_fruit-eating_bat/Bolivia/PBV780-781/2011_H18N11      4.74%    passed     19.62%
  67  Influenza_A_virus_A/Noctilio_albiventris/Colombia/2023                        4.74%    passed     19.62%
  68  Influenza_A_virus_A/Artibeus_lituratus/Brazil/2301/2012_H18N11                4.74%    passed     19.62%
  69  Influenza_A_virus_A/Artibeus_lituratus/Brazil/23/2012_H18N11                  4.74%    passed     19.62%
  70  Influenza_A_virus_A/flat-faced_bat/Peru/033/2010_H18N11                       4.74%    passed     20.10%
****  TOTAL                                                                         1.85%  0 sequences failed composition chi2 test (p-value<5%; df=19)
NOTE: Influenza_A_virus_A/mallard/Alberta/11/1991_H9N2 is identical to Influenza_A_virus_A/duck/Mongolia/7/2001_H7N1 but kept for subsequent analysis
NOTE: Influenza_A_virus_A/gray_teal/Western_Australia/180/1979_HN is identical to Influenza_A_virus_A/gray_teal/Australia/1/1979_H6N1 but kept for subsequent analysis
NOTE: Influenza_A_virus_A/rosy-billed_pocrd/Argentina/CIP051-557/2007_H6N2 is identical to Influenza_A_virus_A/red-winged_tinamou/Argentina/MP1/2008_H1N1 but kept for subsequent analysis
NOTE: Influenza_A_virus_A/little_yellow-shouldered_bat/Guatemala/16/2009_H17N10 is identical to Influenza_A_virus_A/little_yellow-shouldered_bat/Guatemala/153/2009_H17N10 but kept for subsequent analysis
NOTE: Influenza_A_virus_A/Noctilio_albiventris/Colombia/2023 is identical to Influenza_A_virus_A/dark_fruit-eating_bat/Bolivia/PBV780-781/2011_H18N11 but kept for subsequent analysis
NOTE: 9 identical sequences (see below) will be ignored for subsequent analysis
NOTE: Influenza_A_virus_A/northern_shoveler/Washington/29-700/2006_H10N1 (identical to Influenza_A_virus_A/duck/Mongolia/7/2001_H7N1) is ignored but added at the end
NOTE: Influenza_A_virus_A/black_duck/Ohio/19/1986_H11N1 (identical to Influenza_A_virus_A/duck/Mongolia/7/2001_H7N1) is ignored but added at the end
NOTE: Influenza_A_virus_A/mallard/Sweden/58/2003_H11N1 (identical to Influenza_A_virus_A/duck/Mongolia/7/2001_H7N1) is ignored but added at the end
NOTE: Influenza_A_virus_A/aquatic_bird/India/NIV-17095/2007_H11N1 (identical to Influenza_A_virus_A/duck/Mongolia/7/2001_H7N1) is ignored but added at the end
NOTE: Influenza_A_virus_A/mallard/ALB/19/1992_H8N (identical to Influenza_A_virus_A/duck/Mongolia/7/2001_H7N1) is ignored but added at the end
NOTE: Influenza_A_virus_A/duck/HK/17/1977_H9N6 (identical to Influenza_A_virus_A/duck/Mongolia/7/2001_H7N1) is ignored but added at the end
NOTE: Influenza_A_virus_A/sooty_tern/Western_Australia/2190/1983_H15N9 (identical to Influenza_A_virus_A/gray_teal/Australia/1/1979_H6N1) is ignored but added at the end
NOTE: Influenza_A_virus_A/Artibeus_lituratus/Brazil/2301/2012_H18N11 (identical to Influenza_A_virus_A/dark_fruit-eating_bat/Bolivia/PBV780-781/2011_H18N11) is ignored but added at the end
NOTE: Influenza_A_virus_A/Artibeus_lituratus/Brazil/23/2012_H18N11 (identical to Influenza_A_virus_A/dark_fruit-eating_bat/Bolivia/PBV780-781/2011_H18N11) is ignored but added at the end
Alignment was printed to amino_acids_NS_alin.fasta.uniqueseq.phy

For your convenience alignment with unique sequences printed to amino_acids_NS_alin.fasta.uniqueseq.phy

Creating fast initial parsimony tree by random order stepwise addition...
0.004 seconds, parsimony score: 535 (based on 164 sites)
Perform fast likelihood tree search using LG+I+G model...
Estimate model parameters (epsilon = 5.000)
Perform nearest neighbor interchange...
Estimate model parameters (epsilon = 1.000)
1. Initial log-likelihood: -3623.960
Optimal log-likelihood: -3623.945
Proportion of invariable sites: 0.128
Gamma shape alpha: 1.085
Parameters optimization took 1 rounds (0.057 sec)
Time for fast ML tree search: 0.572 seconds

NOTE: ModelFinder requires 8 MB RAM!
ModelFinder will test up to 224 protein models (sample size: 232) ...
 No. Model         -LnL         df  AIC          AICc         BIC
  1  LG            3742.733     119 7723.466     7978.466     8133.628
  2  LG+I          3670.006     120 7580.012     7841.634     7993.621
  3  LG+G4         3624.250     120 7488.501     7750.122     7902.109
  4  LG+I+G4       3623.932     121 7489.864     7758.264     7906.919
  7  LG+F+G4       3615.615     139 7509.231     7932.274     7988.327
  8  LG+F+I+G4     3615.264     140 7510.528     7944.374     7993.072
 11  WAG+G4        3623.303     120 7486.605     7748.227     7900.214
 12  WAG+I+G4      3622.955     121 7487.909     7756.309     7904.965
 15  WAG+F+G4      3607.463     139 7492.926     7915.970     7972.023
 16  WAG+F+I+G4    3606.865     140 7493.730     7927.577     7976.274
 19  JTT+G4        3548.024     120 7336.049     7597.671     7749.657
 20  JTT+I+G4      3547.702     121 7337.404     7605.804     7754.459
 23  JTT+F+G4      3541.542     139 7361.083     7784.127     7840.180
 24  JTT+F+I+G4    3540.980     140 7361.961     7795.807     7844.504
WARNING: Normalizing state frequencies so that sum of them equals to 1
 27  Q.pfam+G4     3628.814     120 7497.628     7759.249     7911.236
WARNING: Normalizing state frequencies so that sum of them equals to 1
 28  Q.pfam+I+G4   3628.352     121 7498.704     7767.104     7915.760
WARNING: Normalizing state frequencies so that sum of them equals to 1
 31  Q.pfam+F+G4   3615.331     139 7508.663     7931.706     7987.759
WARNING: Normalizing state frequencies so that sum of them equals to 1
 32  Q.pfam+F+I+G4 3614.822     140 7509.645     7943.491     7992.188
WARNING: Normalizing state frequencies so that sum of them equals to 1
 35  Q.bird+G4     3531.147     120 7302.293     7563.915     7715.901
WARNING: Normalizing state frequencies so that sum of them equals to 1
 36  Q.bird+I+G4   3530.432     121 7302.864     7571.264     7719.920
WARNING: Normalizing state frequencies so that sum of them equals to 1
 39  Q.bird+F+G4   3513.399     139 7304.798     7727.841     7783.894
WARNING: Normalizing state frequencies so that sum of them equals to 1
 40  Q.bird+F+I+G4 3512.518     140 7305.036     7738.883     7787.580
WARNING: Normalizing state frequencies so that sum of them equals to 1
 43  Q.mammal+G4   3540.954     120 7321.908     7583.530     7735.517
WARNING: Normalizing state frequencies so that sum of them equals to 1
 44  Q.mammal+I+G4 3540.359     121 7322.718     7591.118     7739.773
WARNING: Normalizing state frequencies so that sum of them equals to 1
 47  Q.mammal+F+G4 3518.176     139 7314.351     7737.395     7793.448
WARNING: Normalizing state frequencies so that sum of them equals to 1
 48  Q.mammal+F+I+G4 3517.407     140 7314.814     7748.660     7797.357
 51  Q.insect+G4   3607.809     120 7455.618     7717.240     7869.226
 52  Q.insect+I+G4 3607.360     121 7456.721     7725.121     7873.776
 55  Q.insect+F+G4 3595.354     139 7468.708     7891.752     7947.805
 56  Q.insect+F+I+G4 3594.952     140 7469.904     7903.750     7952.447
WARNING: Normalizing state frequencies so that sum of them equals to 1
 59  Q.plant+G4    3544.125     120 7328.250     7589.871     7741.858
WARNING: Normalizing state frequencies so that sum of them equals to 1
 60  Q.plant+I+G4  3543.594     121 7329.187     7597.587     7746.243
WARNING: Normalizing state frequencies so that sum of them equals to 1
 63  Q.plant+F+G4  3531.999     139 7341.999     7765.042     7821.095
WARNING: Normalizing state frequencies so that sum of them equals to 1
 64  Q.plant+F+I+G4 3531.390     140 7342.780     7776.626     7825.323
WARNING: Normalizing state frequencies so that sum of them equals to 1
 67  Q.yeast+G4    3624.951     120 7489.902     7751.524     7903.511
WARNING: Normalizing state frequencies so that sum of them equals to 1
 68  Q.yeast+I+G4  3624.198     121 7490.395     7758.795     7907.451
WARNING: Normalizing state frequencies so that sum of them equals to 1
 71  Q.yeast+F+G4  3609.684     139 7497.369     7920.412     7976.465
WARNING: Normalizing state frequencies so that sum of them equals to 1
 72  Q.yeast+F+I+G4 3609.028     140 7498.055     7931.901     7980.598
 75  JTTDCMut+G4   3549.357     120 7338.714     7600.336     7752.323
 76  JTTDCMut+I+G4 3549.097     121 7340.194     7608.594     7757.249
 79  JTTDCMut+F+G4 3541.947     139 7361.893     7784.937     7840.990
 80  JTTDCMut+F+I+G4 3541.432     140 7362.864     7796.710     7845.408
 83  DCMut+G4      3678.486     120 7596.972     7858.594     8010.581
 84  DCMut+I+G4    3678.519     121 7599.039     7867.439     8016.094
 87  DCMut+F+G4    3641.153     139 7560.306     7983.350     8039.403
 88  DCMut+F+I+G4  3640.810     140 7561.619     7995.466     8044.163
 91  VT+G4         3629.378     120 7498.757     7760.378     7912.365
 92  VT+I+G4       3629.072     121 7500.144     7768.544     7917.199
 95  VT+F+G4       3623.398     139 7524.795     7947.839     8003.892
 96  VT+F+I+G4     3622.972     140 7525.945     7959.791     8008.488
 99  PMB+G4        3700.130     120 7640.260     7901.881     8053.868
100  PMB+I+G4      3699.957     121 7641.915     7910.315     8058.970
103  PMB+F+G4      3690.984     139 7659.967     8083.011     8139.064
104  PMB+F+I+G4    3690.668     140 7661.337     8095.183     8143.880
107  Blosum62+G4   3707.562     120 7655.124     7916.746     8068.732
108  Blosum62+I+G4 3707.411     121 7656.823     7925.223     8073.878
111  Blosum62+F+G4 3705.867     139 7689.733     8112.777     8168.830
112  Blosum62+F+I+G4 3705.588     140 7691.175     8125.022     8173.719
115  Dayhoff+G4    3677.654     120 7595.308     7856.930     8008.917
116  Dayhoff+I+G4  3677.682     121 7597.365     7865.765     8014.420
119  Dayhoff+F+G4  3640.458     139 7558.915     7981.959     8038.012
120  Dayhoff+F+I+G4 3640.107     140 7560.214     7994.061     8042.758
123  mtREV+G4      3700.830     120 7641.660     7903.282     8055.269
124  mtREV+I+G4    3700.652     121 7643.305     7911.705     8060.360
127  mtREV+F+G4    3572.402     139 7422.805     7845.848     7901.901
128  mtREV+F+I+G4  3571.897     140 7423.794     7857.640     7906.337
131  mtART+G4      3829.072     120 7898.144     8159.765     8311.752
132  mtART+I+G4    3829.467     121 7900.934     8169.334     8317.989
135  mtART+F+G4    3714.818     139 7707.636     8130.679     8186.732
136  mtART+F+I+G4  3713.986     140 7707.973     8141.819     8190.516
139  mtZOA+G4      3728.043     120 7696.086     7957.708     8109.695
140  mtZOA+I+G4    3728.085     121 7698.169     7966.569     8115.225
143  mtZOA+F+G4    3631.902     139 7541.805     7964.848     8020.901
144  mtZOA+F+I+G4  3631.085     140 7542.170     7976.016     8024.713
147  mtMet+G4      3661.636     120 7563.271     7824.893     7976.880
148  mtMet+I+G4    3661.431     121 7564.862     7833.262     7981.917
151  mtMet+F+G4    3550.911     139 7379.822     7802.865     7858.918
152  mtMet+F+I+G4  3550.189     140 7380.378     7814.224     7862.921
155  mtVer+G4      3650.162     120 7540.325     7801.946     7953.933
156  mtVer+I+G4    3649.460     121 7540.920     7809.320     7957.975
159  mtVer+F+G4    3530.806     139 7339.613     7762.656     7818.709
160  mtVer+F+I+G4  3529.273     140 7338.547     7772.393     7821.090
163  mtInv+G4      3725.355     120 7690.710     7952.331     8104.318
164  mtInv+I+G4    3725.322     121 7692.644     7961.044     8109.699
167  mtInv+F+G4    3588.816     139 7455.633     7878.676     7934.729
168  mtInv+F+I+G4  3588.385     140 7456.769     7890.616     7939.313
171  mtMAM+G4      3701.483     120 7642.967     7904.588     8056.575
172  mtMAM+I+G4    3701.169     121 7644.339     7912.739     8061.394
175  mtMAM+F+G4    3572.556     139 7423.112     7846.156     7902.209
176  mtMAM+F+I+G4  3571.076     140 7422.153     7855.999     7904.696
WARNING: Normalizing state frequencies so that sum of them equals to 1
179  FLAVI+G4      3530.538     120 7301.076     7562.697     7714.684
WARNING: Normalizing state frequencies so that sum of them equals to 1
180  FLAVI+I+G4    3529.837     121 7301.674     7570.074     7718.729
WARNING: Normalizing state frequencies so that sum of them equals to 1
183  FLAVI+F+G4    3519.032     139 7316.064     7739.107     7795.160
WARNING: Normalizing state frequencies so that sum of them equals to 1
184  FLAVI+F+I+G4  3518.125     140 7316.250     7750.096     7798.794
187  HIVb+G4       3520.590     120 7281.180     7542.802     7694.789
188  HIVb+I+G4     3520.096     121 7282.192     7550.592     7699.247
191  HIVb+F+G4     3518.562     139 7315.123     7738.167     7794.220
192  HIVb+F+I+G4   3518.044     140 7316.088     7749.934     7798.631
195  HIVw+G4       3530.297     120 7300.594     7562.215     7714.202
196  HIVw+I+G4     3529.055     121 7300.110     7568.510     7717.165
199  HIVw+F+G4     3538.408     139 7354.815     7777.859     7833.912
200  HIVw+F+I+G4   3537.127     140 7354.254     7788.100     7836.797
203  FLU+G4        3508.792     120 7257.584     7519.206     7671.193
204  FLU+I+G4      3507.838     121 7257.675     7526.075     7674.730
207  FLU+F+G4      3534.164     139 7346.328     7769.371     7825.424
208  FLU+F+I+G4    3532.959     140 7345.917     7779.763     7828.460
211  rtREV+G4      3675.365     120 7590.730     7852.351     8004.338
212  rtREV+I+G4    3674.990     121 7591.979     7860.379     8009.034
215  rtREV+F+G4    3644.565     139 7567.131     7990.174     8046.227
216  rtREV+F+I+G4  3644.185     140 7568.370     8002.217     8050.914
219  cpREV+G4      3578.309     120 7396.618     7658.240     7810.227
220  cpREV+I+G4    3578.002     121 7398.003     7666.403     7815.058
223  cpREV+F+G4    3577.007     139 7432.014     7855.057     7911.110
224  cpREV+F+I+G4  3576.472     140 7432.943     7866.789     7915.487
Akaike Information Criterion:           FLU+G4
Corrected Akaike Information Criterion: FLU+G4
Bayesian Information Criterion:         FLU+G4
Best-fit model: FLU+G4 chosen according to BIC

All model information printed to amino_acids_NS_alin.fasta.model.gz
CPU time for ModelFinder: 18.377 seconds (0h:0m:18s)
Wall-clock time for ModelFinder: 18.504 seconds (0h:0m:18s)
Generating 1000 samples for ultrafast bootstrap (seed: 215091)...

NOTE: 8 MB RAM (0 GB) is required!
Estimate model parameters (epsilon = 0.100)
1. Initial log-likelihood: -3508.792
Optimal log-likelihood: -3508.792
Gamma shape alpha: 0.707
Parameters optimization took 1 rounds (0.050 sec)
Wrote distance file to... 
Computing ML distances based on estimated model parameters...
Calculating distance matrix: done in 0.734079 secs using 99.63% CPU
Computing ML distances took 0.734271 sec (of wall-clock time) 0.731384 sec (of CPU time)
Setting up auxiliary I and S matrices: done in 6.69956e-05 secs using 123.9% CPU
Computing RapidNJ tree took 0.000232 sec (of wall-clock time) 0.000368 sec (of CPU time)
Log-likelihood of RapidNJ tree: -3513.643
--------------------------------------------------------------------
|             INITIALIZING CANDIDATE TREE SET                      |
--------------------------------------------------------------------
Generating 98 parsimony trees... 0.195 second
Computing log-likelihood of 98 initial trees ... 1.542 seconds
Current best score: -3503.492

Do NNI search on 20 best initial trees
Estimate model parameters (epsilon = 0.100)
BETTER TREE FOUND at iteration 1: -3494.491
Iteration 10 / LogL: -3498.343 / Time: 0h:0m:25s
Iteration 20 / LogL: -3501.413 / Time: 0h:0m:29s
Finish initializing candidate tree set (20)
Current best tree score: -3494.491 / CPU time: 10.216
Number of iterations: 20
--------------------------------------------------------------------
|               OPTIMIZING CANDIDATE TREE SET                      |
--------------------------------------------------------------------
Estimate model parameters (epsilon = 0.100)
BETTER TREE FOUND at iteration 22: -3494.026
Estimate model parameters (epsilon = 0.100)
BETTER TREE FOUND at iteration 30: -3493.345
Iteration 30 / LogL: -3493.345 / Time: 0h:0m:36s (0h:1m:2s left)
Estimate model parameters (epsilon = 0.100)
BETTER TREE FOUND at iteration 37: -3489.907
Iteration 40 / LogL: -3507.546 / Time: 0h:0m:42s (0h:0m:59s left)
Iteration 50 / LogL: -3490.120 / Time: 0h:0m:49s (0h:0m:54s left)
Log-likelihood cutoff on original alignment: -3523.865
Iteration 60 / LogL: -3493.625 / Time: 0h:0m:55s (0h:0m:48s left)
Iteration 70 / LogL: -3492.773 / Time: 0h:1m:1s (0h:0m:41s left)
Iteration 80 / LogL: -3489.907 / Time: 0h:1m:6s (0h:0m:34s left)
Iteration 90 / LogL: -3489.908 / Time: 0h:1m:13s (0h:0m:29s left)
BETTER TREE FOUND at iteration 93: -3489.907
Estimate model parameters (epsilon = 0.100)
BETTER TREE FOUND at iteration 94: -3489.041
Iteration 100 / LogL: -3489.908 / Time: 0h:1m:20s (0h:0m:58s left)
Log-likelihood cutoff on original alignment: -3523.865
NOTE: Bootstrap correlation coefficient of split occurrence frequencies: 0.988
NOTE: UFBoot does not converge, continue at least 100 more iterations
Iteration 110 / LogL: -3489.909 / Time: 0h:1m:25s (0h:0m:55s left)
Iteration 120 / LogL: -3489.908 / Time: 0h:1m:32s (0h:0m:49s left)
Iteration 130 / LogL: -3489.908 / Time: 0h:1m:38s (0h:0m:43s left)
Iteration 140 / LogL: -3490.153 / Time: 0h:1m:44s (0h:0m:37s left)
BETTER TREE FOUND at iteration 144: -3489.041
Iteration 150 / LogL: -3489.042 / Time: 0h:1m:51s (0h:0m:58s left)
Log-likelihood cutoff on original alignment: -3523.843
Iteration 160 / LogL: -3491.563 / Time: 0h:1m:58s (0h:0m:52s left)
Iteration 170 / LogL: -3489.042 / Time: 0h:2m:4s (0h:0m:46s left)
Iteration 180 / LogL: -3490.074 / Time: 0h:2m:11s (0h:0m:40s left)
Iteration 190 / LogL: -3489.041 / Time: 0h:2m:17s (0h:0m:33s left)
Iteration 200 / LogL: -3489.042 / Time: 0h:2m:23s (0h:0m:27s left)
Log-likelihood cutoff on original alignment: -3522.541
NOTE: Bootstrap correlation coefficient of split occurrence frequencies: 0.983
NOTE: UFBoot does not converge, continue at least 100 more iterations
Iteration 210 / LogL: -3489.909 / Time: 0h:2m:28s (0h:0m:56s left)
BETTER TREE FOUND at iteration 213: -3489.041
Iteration 220 / LogL: -3489.042 / Time: 0h:2m:35s (0h:0m:58s left)
Estimate model parameters (epsilon = 0.100)
BETTER TREE FOUND at iteration 224: -3488.523
Iteration 230 / LogL: -3489.042 / Time: 0h:2m:41s (0h:0m:58s left)
Iteration 240 / LogL: -3489.041 / Time: 0h:2m:47s (0h:0m:52s left)
BETTER TREE FOUND at iteration 242: -3488.523
Iteration 250 / LogL: -3495.198 / Time: 0h:2m:54s (0h:0m:57s left)
Log-likelihood cutoff on original alignment: -3522.541
Iteration 260 / LogL: -3488.524 / Time: 0h:3m:0s (0h:0m:51s left)
Iteration 270 / LogL: -3488.523 / Time: 0h:3m:6s (0h:0m:44s left)
BETTER TREE FOUND at iteration 276: -3488.523
Iteration 280 / LogL: -3719.918 / Time: 0h:3m:11s (0h:0m:59s left)
Iteration 290 / LogL: -3573.981 / Time: 0h:3m:17s (0h:0m:53s left)
Iteration 300 / LogL: -3488.523 / Time: 0h:3m:24s (0h:0m:47s left)
Log-likelihood cutoff on original alignment: -3522.541
NOTE: Bootstrap correlation coefficient of split occurrence frequencies: 0.978
NOTE: UFBoot does not converge, continue at least 100 more iterations
BETTER TREE FOUND at iteration 304: -3488.523
BETTER TREE FOUND at iteration 308: -3488.523
Iteration 310 / LogL: -3488.523 / Time: 0h:3m:30s (0h:1m:0s left)
Iteration 320 / LogL: -3505.139 / Time: 0h:3m:37s (0h:0m:54s left)
Iteration 330 / LogL: -3497.517 / Time: 0h:3m:44s (0h:0m:48s left)
Iteration 340 / LogL: -3489.706 / Time: 0h:3m:50s (0h:0m:42s left)
Iteration 350 / LogL: -3494.590 / Time: 0h:3m:56s (0h:0m:36s left)
Log-likelihood cutoff on original alignment: -3522.541
Iteration 360 / LogL: -3488.523 / Time: 0h:4m:2s (0h:0m:29s left)
BETTER TREE FOUND at iteration 361: -3488.523
Iteration 370 / LogL: -3599.293 / Time: 0h:4m:8s (0h:0m:56s left)
Iteration 380 / LogL: -3488.523 / Time: 0h:4m:15s (0h:0m:50s left)
Iteration 390 / LogL: -3488.523 / Time: 0h:4m:20s (0h:0m:44s left)
Iteration 400 / LogL: -3490.126 / Time: 0h:4m:26s (0h:0m:37s left)
Log-likelihood cutoff on original alignment: -3522.541
NOTE: Bootstrap correlation coefficient of split occurrence frequencies: 0.980
NOTE: UFBoot does not converge, continue at least 100 more iterations
Iteration 410 / LogL: -3499.274 / Time: 0h:4m:33s (0h:0m:56s left)
Iteration 420 / LogL: -3488.523 / Time: 0h:4m:39s (0h:0m:49s left)
BETTER TREE FOUND at iteration 423: -3488.522
Iteration 430 / LogL: -3488.523 / Time: 0h:4m:45s (0h:0m:57s left)
Iteration 440 / LogL: -3490.222 / Time: 0h:4m:52s (0h:0m:51s left)
Iteration 450 / LogL: -3488.523 / Time: 0h:4m:58s (0h:0m:45s left)
Log-likelihood cutoff on original alignment: -3522.453
Iteration 460 / LogL: -3488.523 / Time: 0h:5m:4s (0h:0m:39s left)
Iteration 470 / LogL: -3495.199 / Time: 0h:5m:10s (0h:0m:33s left)
Iteration 480 / LogL: -3497.452 / Time: 0h:5m:16s (0h:0m:26s left)
Iteration 490 / LogL: -3494.590 / Time: 0h:5m:22s (0h:0m:20s left)
Iteration 500 / LogL: -3488.524 / Time: 0h:5m:28s (0h:0m:14s left)
Log-likelihood cutoff on original alignment: -3522.453
NOTE: Bootstrap correlation coefficient of split occurrence frequencies: 0.992
Iteration 510 / LogL: -3488.523 / Time: 0h:5m:35s (0h:0m:56s left)
Iteration 520 / LogL: -3488.523 / Time: 0h:5m:42s (0h:0m:49s left)
TREE SEARCH COMPLETED AFTER 524 ITERATIONS / Time: 0h:5m:44s

--------------------------------------------------------------------
|                    FINALIZING TREE SEARCH                        |
--------------------------------------------------------------------
Performs final model parameters optimization
Estimate model parameters (epsilon = 0.010)
1. Initial log-likelihood: -3488.522
Optimal log-likelihood: -3488.522
Gamma shape alpha: 0.679
Parameters optimization took 1 rounds (0.048 sec)
BEST SCORE FOUND : -3488.522

Testing tree branches by SH-like aLRT with 1000 replicates...
0.186 sec.
Creating bootstrap support values...
Split supports printed to NEXUS file amino_acids_NS_alin.fasta.splits.nex
Total tree length: 3.697

Total number of iterations: 524
CPU time used for tree search: 324.932 sec (0h:5m:24s)
Wall-clock time used for tree search: 325.550 sec (0h:5m:25s)
Total CPU time used: 344.499 sec (0h:5m:44s)
Total wall-clock time used: 345.260 sec (0h:5m:45s)

Computing bootstrap consensus tree...
Reading input file amino_acids_NS_alin.fasta.splits.nex...
61 taxa and 1513 splits.
Consensus tree written to amino_acids_NS_alin.fasta.contree
Reading input trees file amino_acids_NS_alin.fasta.contree
Log-likelihood of consensus tree: -3488.526

Analysis results written to: 
  IQ-TREE report:                amino_acids_NS_alin.fasta.iqtree
  Maximum-likelihood tree:       amino_acids_NS_alin.fasta.treefile
  Likelihood distances:          amino_acids_NS_alin.fasta.mldist

Ultrafast bootstrap approximation results written to:
  Split support values:          amino_acids_NS_alin.fasta.splits.nex
  Consensus tree:                amino_acids_NS_alin.fasta.contree
  Screen log file:               amino_acids_NS_alin.fasta.log

Date and Time: Mon Apr 22 21:47:18 2024
