IQ-TREE multicore version 2.3.2 COVID-edition for Mac OS X 64-bit built Apr  9 2024
Developed by Bui Quang Minh, James Barbetti, Nguyen Lam Tung,
Olga Chernomor, Heiko Schmidt, Dominik Schrempf, Michael Woodhams, Ly Trong Nhan, Thomas Wong

Host:    Daniel-2.local (SSE4.2, 8 GB RAM)
Command: iqtree2 -m TEST -s amino_acids_PA_alin.fasta -bb 1000 -alrt 1000
Seed:    507337 (Using SPRNG - Scalable Parallel Random Number Generator)
Time:    Mon Apr 22 16:03:26 2024
Kernel:  SSE2 - 1 threads (8 CPU cores detected)

HINT: Use -nt option to specify number of threads because your CPU has 8 cores!
HINT: -nt AUTO will automatically determine the best number of threads to use.

Reading alignment file amino_acids_PA_alin.fasta ... Fasta format detected
Reading fasta file: done in 0.000989914 secs using 80.61% CPU
Alignment most likely contains protein sequences
Alignment has 69 sequences with 718 columns, 295 distinct patterns
263 parsimony-informative, 27 singleton sites, 428 constant sites
                                                                            Gap/Ambiguity  Composition  p-value
Analyzing sequences: done in 3.79086e-05 secs using 92.33% CPU
   1  Influenza_A_virus_A/South_Carolina/1/18_H1N1                                  0.28%    passed    100.00%
   2  Influenza_A_virus_A/Puerto_Rico/8/193_H1N1                                    0.28%    passed    100.00%
   3  Influenza_A_virus_A/Malaysia/5_H1N1                                           0.28%    passed    100.00%
   4  Influenza_A_virus_A/Brazil/11/1978_H1N1                                       0.28%    passed    100.00%
   5  Influenza_A_virus_A/El_Salvador/2/1957_H2N2                                   0.28%    passed    100.00%
   6  Influenza_A_virus_A/common_teal/Netherlands/10/2000_H1N1                      0.28%    passed    100.00%
   7  Influenza_A_virus_A/duck/Mongolia/7/2001_H7N1                                 0.28%    passed    100.00%
   8  Influenza_A_virus_A/bar_headed_goose/Mongolia/13/2005_H12N3                   0.28%    passed    100.00%
   9  Influenza_A_virus_A/mallard_duck/ALB/2/1977_H1N6                              0.28%    passed    100.00%
  10  Influenza_A_virus_A/blue-winged_teal/Guatemala/CIP09-02/2008_H7N9             0.28%    passed    100.00%
  11  Influenza_A_virus_A/mallard/ALB/19/1992_H8N                                   0.28%    passed    100.00%
  12  Influenza_A_virus_A/mallard_duck/ALB/26/1976_H3N1                             0.28%    passed    100.00%
  13  Influenza_A_virus_A/black_duck/Perth/699/1978_H3N8                            0.28%    passed    100.00%
  14  Influenza_A_virus_A/gray_teal/Australia/1/1979_H6N1                           0.28%    passed    100.00%
  15  Influenza_A_virus_A/sooty_tern/Western_Australia/2190/1983_H15N9              0.28%    passed    100.00%
  16  Influenza_A_virus_A/mallard/Sweden/58/2003_H11N1                              0.28%    passed    100.00%
  17  Influenza_A_virus_A/Mongolian_gull/Mongolia/01/2007_H13N6                     0.28%    passed    100.00%
  18  Influenza_A_virus_A/aquatic_bird/India/NIV-17095/2007_H11N1                   0.28%    passed    100.00%
  19  Influenza_A_virus_A/whiskered_tern/Egypt/0/200_H6N2                           0.28%    passed    100.00%
  20  Influenza_A_virus_A/mallard/ALB/7/1998_HN1                                    0.28%    passed    100.00%
  21  Influenza_A_virus_A/herring_gull/DE/75/1986_H13N2                             0.28%    passed    100.00%
  22  Influenza_A_virus_A/herring_gull/DE/712/1988_H16N3                            0.28%    passed    100.00%
  23  Influenza_A_virus_A/black_duck/Ohio/19/1986_H11N1                             0.28%    passed    100.00%
  24  Influenza_A_virus_A/gray_teal/Western_Australia/180/1979_HN                   0.28%    passed    100.00%
  25  Influenza_A_virus_A/turkey/England/50-92/91_H5N1                              0.28%    passed    100.00%
  26  Influenza_A_virus_A/Mallard_Duck/Alberta/32/83_H12N1                          0.28%    passed    100.00%
  27  Influenza_A_virus_A/mallard_duck/ALB/57/1976_H5N2                             0.28%    passed    100.00%
  28  Influenza_A_virus_A/turkey/Ontario/6118/1968_H8N                              0.28%    passed    100.00%
  29  Influenza_A_virus_A/duck/Nancng/-18/2000_H2N9                                 0.28%    passed    100.00%
  30  Influenza_A_virus_A/ruddy_turnstone/DE/773/1988_H9N6                          0.28%    passed    100.00%
  31  Influenza_A_virus_A/duck/HK/17/1977_H9N6                                      0.28%    passed    100.00%
  32  Influenza_A_virus_A/mallard/Ohio/6/1989_H6N8                                  0.28%    passed    100.00%
  33  Influenza_A_virus_A/mallard/Manitoba/23912/2007_HN7                           0.28%    passed    100.00%
  34  Influenza_A_virus_A/mallard/ALB/5/1995_H10N1                                  0.28%    passed    100.00%
  35  Influenza_A_virus_A/northern_shoveler/Washington/29-700/2006_H10N1            0.28%    passed    100.00%
  36  Influenza_A_virus_A/northern_shoveler/Mississippi/09OS025/2009_H12N5          0.28%    passed    100.00%
  37  Influenza_A_virus_A/northern_shoveler/Calinia/AKS273/2007_H8N                 0.28%    passed    100.00%
  38  Influenza_A_virus_A/mallard/Netherlands/2/1999_H3N5                           0.28%    passed    100.00%
  39  Influenza_A_virus_A/glaucous_gull/Alaska/198-027/2006_H16N3                   0.28%    passed    100.00%
  40  Influenza_A_virus_A/environment/New_York/30732-1/2005_H7N2                    0.28%    passed    100.00%
  41  Influenza_A_virus_A/semi-palmated_sandpiper/Brazil/3/1990_H2N1                0.28%    passed    100.00%
  42  Influenza_A_virus_A/duck/New_Zealand/1/198_H5N2                               0.28%    passed    100.00%
  43  Influenza_A_virus_A/mallard/Alberta/11/1991_H9N2                              0.28%    passed    100.00%
  44  Influenza_A_virus_A/Viet_Nam/1203/200_H5N1                                    0.28%    passed    100.00%
  45  Influenza_A_virus_A/chicken/Egypt/0891/2008_H5N1                              0.28%    passed    100.00%
  46  Influenza_A_virus_A/quail/Italy/1117/1965_H10N8                               0.28%    passed    100.00%
  47  Influenza_A_virus_A/chicken/Yokoma/aq55/2001_H9N2                             0.28%    passed    100.00%
  48  Influenza_A_virus_A/rosy-billed_pocrd/Argentina/CIP051-557/2007_H6N2          0.28%    passed    100.00%
  49  Influenza_A_virus_A/chicken/Chis/1522/1997_H5N2                               0.28%    passed    100.00%
  50  Influenza_A_virus_A/chicken/Rostock/5/193_H7N1                                0.28%    passed    100.00%
  51  Influenza_A_virus_A/equine/Sao_Paulo/6/1963_H3N8                              0.28%    passed    100.00%
  52  Influenza_A_virus_A/equine/Argentina/1/1977_H7N7                              0.28%    passed    100.00%
  53  Influenza_A_virus_A/Calinia/0/2009_H1N1                                       0.28%    passed    100.00%
  54  Influenza_A_virus_A/swine/Argentina/CIP051-StaFeN2/2010_H1N2                  0.28%    passed    100.00%
  55  Influenza_A_virus_A/slaty-backed_gull/Japan/6KS0191/2006_HN8                  0.28%    passed    100.00%
  56  Influenza_A_virus_A/swine/Korea/PZ72-1/2006_H3N1                              0.28%    passed    100.00%
  57  Influenza_A_virus_A/New_York/802/1993_H3N2                                    0.28%    passed    100.00%
  58  Influenza_A_virus_A/Panama/2007/1999_H3N2                                     0.28%    passed    100.00%
  59  Influenza_A_virus_A/Managua/10.02/2010_H3N2                                   0.28%    passed    100.00%
  60  Influenza_A_virus_A/swine/Tennessee/1/1975_H1N1                               0.28%    passed    100.00%
  61  Influenza_A_virus_A/swine/Hong_Kong/103/1993_H1N1                             0.28%    passed    100.00%
  62  Influenza_A_virus_A/little_yellow-shouldered_bat/Guatemala/153/2009_H17N10    0.70%    passed     98.15%
  63  Influenza_A_virus_A/little_yellow-shouldered_bat/Guatemala/16/2009_H17N10     0.70%    passed     98.15%
  64  Influenza_A_virus_A/little_yellow-shouldered_bat/Guatemala/060/2010_H17N10    0.70%    passed     97.31%
  65  Influenza_A_virus_A/dark_fruit-eating_bat/Bolivia/PBV780-781/2011_H18N11      0.70%    passed     93.12%
  66  Influenza_A_virus_A/flat-faced_bat/Peru/033/2010_H18N11                       0.70%    passed     93.67%
  67  Influenza_A_virus_A/Noctilio_albiventris/Colombia/2023                        0.70%    passed     96.11%
  68  Influenza_A_virus_A/Artibeus_lituratus/Brazil/2301/2012_H18N11                0.70%    passed     86.19%
  69  Influenza_A_virus_A/Artibeus_lituratus/Brazil/23/2012_H18N11                  0.70%    passed     86.19%
****  TOTAL                                                                         0.33%  0 sequences failed composition chi2 test (p-value<5%; df=19)
NOTE: Influenza_A_virus_A/little_yellow-shouldered_bat/Guatemala/16/2009_H17N10 is identical to Influenza_A_virus_A/little_yellow-shouldered_bat/Guatemala/153/2009_H17N10 but kept for subsequent analysis
NOTE: Influenza_A_virus_A/Artibeus_lituratus/Brazil/23/2012_H18N11 is identical to Influenza_A_virus_A/Artibeus_lituratus/Brazil/2301/2012_H18N11 but kept for subsequent analysis

Creating fast initial parsimony tree by random order stepwise addition...
0.004 seconds, parsimony score: 677 (based on 290 sites)
Perform fast likelihood tree search using LG+I+G model...
Estimate model parameters (epsilon = 5.000)
Perform nearest neighbor interchange...
Estimate model parameters (epsilon = 1.000)
1. Initial log-likelihood: -6184.664
Optimal log-likelihood: -6184.626
Proportion of invariable sites: 0.304
Gamma shape alpha: 0.620
Parameters optimization took 1 rounds (0.182 sec)
Time for fast ML tree search: 1.515 seconds

NOTE: ModelFinder requires 14 MB RAM!
ModelFinder will test up to 224 protein models (sample size: 718) ...
 No. Model         -LnL         df  AIC          AICc         BIC
  1  LG            6446.415     135 13162.829    13225.922    13780.652
  2  LG+I          6241.780     136 12755.560    12819.698    13377.960
  3  LG+G4         6191.016     136 12654.031    12718.169    13276.431
  4  LG+I+G4       6184.604     137 12643.209    12708.402    13270.185
  7  LG+F+G4       6159.436     155 12628.872    12714.921    13338.224
  8  LG+F+I+G4     6153.259     156 12618.519    12705.834    13332.448
 11  WAG+G4        6250.123     136 12772.245    12836.383    13394.645
 12  WAG+I+G4      6243.470     137 12760.939    12826.132    13387.916
 15  WAG+F+G4      6196.433     155 12702.867    12788.916    13412.219
 16  WAG+F+I+G4    6190.157     156 12692.313    12779.629    13406.242
 19  JTT+G4        6157.778     136 12587.555    12651.693    13209.955
 20  JTT+I+G4      6151.766     137 12577.533    12642.726    13204.509
 23  JTT+F+G4      6114.125     155 12538.250    12624.300    13247.603
 24  JTT+F+I+G4    6108.393     156 12528.785    12616.101    13242.714
WARNING: Normalizing state frequencies so that sum of them equals to 1
 27  Q.pfam+G4     6215.663     136 12703.326    12767.464    13325.726
WARNING: Normalizing state frequencies so that sum of them equals to 1
 28  Q.pfam+I+G4   6209.474     137 12692.948    12758.141    13319.924
WARNING: Normalizing state frequencies so that sum of them equals to 1
 31  Q.pfam+F+G4   6172.884     155 12655.768    12741.818    13365.121
WARNING: Normalizing state frequencies so that sum of them equals to 1
 32  Q.pfam+F+I+G4 6166.975     156 12645.949    12733.265    13359.878
WARNING: Normalizing state frequencies so that sum of them equals to 1
 35  Q.bird+G4     6157.438     136 12586.876    12651.013    13209.275
WARNING: Normalizing state frequencies so that sum of them equals to 1
 36  Q.bird+I+G4   6150.852     137 12575.704    12640.897    13202.680
WARNING: Normalizing state frequencies so that sum of them equals to 1
 39  Q.bird+F+G4   6102.918     155 12515.836    12601.886    13225.189
WARNING: Normalizing state frequencies so that sum of them equals to 1
 40  Q.bird+F+I+G4 6096.904     156 12505.809    12593.124    13219.738
WARNING: Normalizing state frequencies so that sum of them equals to 1
 43  Q.mammal+G4   6161.945     136 12595.889    12660.027    13218.289
WARNING: Normalizing state frequencies so that sum of them equals to 1
 44  Q.mammal+I+G4 6155.783     137 12585.566    12650.759    13212.543
WARNING: Normalizing state frequencies so that sum of them equals to 1
 47  Q.mammal+F+G4 6098.087     155 12506.174    12592.224    13215.527
WARNING: Normalizing state frequencies so that sum of them equals to 1
 48  Q.mammal+F+I+G4 6092.547     156 12497.093    12584.409    13211.022
 51  Q.insect+G4   6158.274     136 12588.548    12652.686    13210.948
 52  Q.insect+I+G4 6152.094     137 12578.189    12643.382    13205.165
 55  Q.insect+F+G4 6133.765     155 12577.530    12663.580    13286.883
 56  Q.insect+F+I+G4 6127.667     156 12567.335    12654.650    13281.264
WARNING: Normalizing state frequencies so that sum of them equals to 1
 59  Q.plant+G4    6130.538     136 12533.075    12597.213    13155.475
WARNING: Normalizing state frequencies so that sum of them equals to 1
 60  Q.plant+I+G4  6123.938     137 12521.876    12587.070    13148.853
WARNING: Normalizing state frequencies so that sum of them equals to 1
 63  Q.plant+F+G4  6097.285     155 12504.571    12590.621    13213.923
WARNING: Normalizing state frequencies so that sum of them equals to 1
 64  Q.plant+F+I+G4 6090.837     156 12493.675    12580.990    13207.604
WARNING: Normalizing state frequencies so that sum of them equals to 1
 67  Q.yeast+G4    6175.394     136 12622.788    12686.926    13245.188
WARNING: Normalizing state frequencies so that sum of them equals to 1
 68  Q.yeast+I+G4  6169.088     137 12612.176    12677.370    13239.153
WARNING: Normalizing state frequencies so that sum of them equals to 1
 71  Q.yeast+F+G4  6145.759     155 12601.519    12687.569    13310.872
WARNING: Normalizing state frequencies so that sum of them equals to 1
 72  Q.yeast+F+I+G4 6139.677     156 12591.354    12678.670    13305.283
 75  JTTDCMut+G4   6158.785     136 12589.569    12653.707    13211.969
 76  JTTDCMut+I+G4 6152.654     137 12579.307    12644.500    13206.283
 79  JTTDCMut+F+G4 6113.832     155 12537.663    12623.713    13247.016
 80  JTTDCMut+F+I+G4 6108.037     156 12528.075    12615.390    13242.004
 83  DCMut+G4      6299.581     136 12871.163    12935.300    13493.563
 84  DCMut+I+G4    6291.958     137 12857.917    12923.110    13484.893
 87  DCMut+F+G4    6215.049     155 12740.097    12826.147    13449.450
 88  DCMut+F+I+G4  6207.976     156 12727.952    12815.268    13441.882
 91  VT+G4         6247.723     136 12767.445    12831.583    13389.845
 92  VT+I+G4       6241.779     137 12757.557    12822.750    13384.533
 95  VT+F+G4       6215.446     155 12740.893    12826.942    13450.245
 96  VT+F+I+G4     6209.640     156 12731.279    12818.595    13445.208
 99  PMB+G4        6333.147     136 12938.294    13002.432    13560.694
100  PMB+I+G4      6327.244     137 12928.489    12993.682    13555.465
103  PMB+F+G4      6288.662     155 12887.324    12973.373    13596.676
104  PMB+F+I+G4    6282.796     156 12877.591    12964.907    13591.521
107  Blosum62+G4   6322.829     136 12917.657    12981.795    13540.057
108  Blosum62+I+G4 6316.246     137 12906.492    12971.685    13533.468
111  Blosum62+F+G4 6292.253     155 12894.507    12980.556    13603.859
112  Blosum62+F+I+G4 6285.790     156 12883.580    12970.896    13597.509
115  Dayhoff+G4    6298.852     136 12869.704    12933.842    13492.104
116  Dayhoff+I+G4  6291.217     137 12856.434    12921.628    13483.411
119  Dayhoff+F+G4  6214.417     155 12738.834    12824.884    13448.187
120  Dayhoff+F+I+G4 6207.339     156 12726.678    12813.994    13440.607
123  mtREV+G4      6507.014     136 13286.029    13350.166    13908.429
124  mtREV+I+G4    6501.382     137 13276.763    13341.956    13903.739
127  mtREV+F+G4    6211.861     155 12733.723    12819.772    13443.075
128  mtREV+F+I+G4  6205.494     156 12722.987    12810.303    13436.916
131  mtART+G4      6544.977     136 13361.954    13426.092    13984.354
132  mtART+I+G4    6536.826     137 13347.653    13412.846    13974.629
135  mtART+F+G4    6266.121     155 12842.241    12928.291    13551.594
136  mtART+F+I+G4  6259.152     156 12830.305    12917.620    13544.234
139  mtZOA+G4      6462.650     136 13197.300    13261.438    13819.700
140  mtZOA+I+G4    6456.459     137 13186.918    13252.111    13813.895
143  mtZOA+F+G4    6203.663     155 12717.326    12803.376    13426.679
144  mtZOA+F+I+G4  6197.399     156 12706.798    12794.114    13420.727
147  mtMet+G4      6441.962     136 13155.923    13220.061    13778.323
148  mtMet+I+G4    6436.686     137 13147.371    13212.565    13774.348
151  mtMet+F+G4    6178.002     155 12666.003    12752.053    13375.356
152  mtMet+F+I+G4  6171.805     156 12655.611    12742.926    13369.540
155  mtVer+G4      6512.698     136 13297.395    13361.533    13919.795
156  mtVer+I+G4    6507.307     137 13288.614    13353.808    13915.591
159  mtVer+F+G4    6208.335     155 12726.669    12812.719    13436.022
160  mtVer+F+I+G4  6201.156     156 12714.312    12801.627    13428.241
163  mtInv+G4      6499.509     136 13271.018    13335.156    13893.418
164  mtInv+I+G4    6493.971     137 13261.942    13327.135    13888.919
167  mtInv+F+G4    6197.271     155 12704.542    12790.591    13413.894
168  mtInv+F+I+G4  6190.993     156 12693.985    12781.301    13407.914
171  mtMAM+G4      6547.540     136 13367.080    13431.218    13989.480
172  mtMAM+I+G4    6539.919     137 13353.838    13419.031    13980.815
175  mtMAM+F+G4    6242.286     155 12794.572    12880.622    13503.925
176  mtMAM+F+I+G4  6234.909     156 12781.818    12869.133    13495.747
WARNING: Normalizing state frequencies so that sum of them equals to 1
179  FLAVI+G4      6140.264     136 12552.529    12616.667    13174.929
WARNING: Normalizing state frequencies so that sum of them equals to 1
180  FLAVI+I+G4    6134.038     137 12542.075    12607.268    13169.052
WARNING: Normalizing state frequencies so that sum of them equals to 1
183  FLAVI+F+G4    6072.540     155 12455.080    12541.130    13164.433
WARNING: Normalizing state frequencies so that sum of them equals to 1
184  FLAVI+F+I+G4  6066.564     156 12445.129    12532.444    13159.058
187  HIVb+G4       6128.954     136 12529.908    12594.045    13152.308
188  HIVb+I+G4     6122.449     137 12518.897    12584.090    13145.874
191  HIVb+F+G4     6087.074     155 12484.147    12570.197    13193.500
192  HIVb+F+I+G4   6080.883     156 12473.766    12561.082    13187.695
195  HIVw+G4       6204.961     136 12681.923    12746.061    13304.323
196  HIVw+I+G4     6195.604     137 12665.209    12730.402    13292.185
199  HIVw+F+G4     6151.655     155 12613.310    12699.360    13322.663
200  HIVw+F+I+G4   6143.748     156 12599.496    12686.811    13313.425
203  FLU+G4        6089.492     136 12450.983    12515.121    13073.383
204  FLU+I+G4      6083.202     137 12440.405    12505.598    13067.381
207  FLU+F+G4      6071.166     155 12452.331    12538.381    13161.684
208  FLU+F+I+G4    6065.500     156 12443.000    12530.316    13156.930
211  rtREV+G4      6272.571     136 12817.142    12881.280    13439.542
212  rtREV+I+G4    6265.791     137 12805.583    12870.776    13432.559
215  rtREV+F+G4    6195.707     155 12701.414    12787.464    13410.767
216  rtREV+F+I+G4  6189.395     156 12690.790    12778.106    13404.719
219  cpREV+G4      6195.308     136 12662.617    12726.754    13285.016
220  cpREV+I+G4    6188.911     137 12651.822    12717.015    13278.798
223  cpREV+F+G4    6168.960     155 12647.919    12733.969    13357.272
224  cpREV+F+I+G4  6162.191     156 12636.382    12723.698    13350.311
Akaike Information Criterion:           FLU+I+G4
Corrected Akaike Information Criterion: FLU+I+G4
Bayesian Information Criterion:         FLU+I+G4
Best-fit model: FLU+I+G4 chosen according to BIC

All model information printed to amino_acids_PA_alin.fasta.model.gz
CPU time for ModelFinder: 32.822 seconds (0h:0m:32s)
Wall-clock time for ModelFinder: 32.984 seconds (0h:0m:32s)
Generating 1000 samples for ultrafast bootstrap (seed: 507337)...

NOTE: 14 MB RAM (0 GB) is required!
Estimate model parameters (epsilon = 0.100)
Thoroughly optimizing +I+G parameters from 10 start values...
Init pinv, alpha: 0.000, 0.713 / Estimate: 0.000, 0.327 / LogL: -6089.491
Init pinv, alpha: 0.066, 0.713 / Estimate: 0.073, 0.372 / LogL: -6087.720
Init pinv, alpha: 0.132, 0.713 / Estimate: 0.144, 0.427 / LogL: -6086.129
Init pinv, alpha: 0.199, 0.713 / Estimate: 0.212, 0.500 / LogL: -6084.768
Init pinv, alpha: 0.265, 0.713 / Estimate: 0.277, 0.595 / LogL: -6083.744
Init pinv, alpha: 0.331, 0.713 / Estimate: 0.333, 0.711 / LogL: -6083.210
Init pinv, alpha: 0.397, 0.713 / Estimate: 0.386, 0.871 / LogL: -6083.248
Init pinv, alpha: 0.464, 0.713 / Estimate: 0.407, 0.951 / LogL: -6083.499
Init pinv, alpha: 0.530, 0.713 / Estimate: 0.405, 0.943 / LogL: -6083.472
Init pinv, alpha: 0.596, 0.713 / Estimate: 0.405, 0.940 / LogL: -6083.470
Optimal pinv,alpha: 0.333, 0.711 / LogL: -6083.210

Parameters optimization took 6.537 sec
Wrote distance file to... 
Computing ML distances based on estimated model parameters...
Calculating distance matrix: done in 0.97805 secs using 99.7% CPU
Computing ML distances took 0.978487 sec (of wall-clock time) 0.975212 sec (of CPU time)
Setting up auxiliary I and S matrices: done in 7.79629e-05 secs using 111.6% CPU
Computing RapidNJ tree took 0.000301 sec (of wall-clock time) 0.000467 sec (of CPU time)
Log-likelihood of RapidNJ tree: -6091.074
--------------------------------------------------------------------
|             INITIALIZING CANDIDATE TREE SET                      |
--------------------------------------------------------------------
Generating 98 parsimony trees... 0.269 second
Computing log-likelihood of 98 initial trees ... 2.808 seconds
Current best score: -6062.310

Do NNI search on 20 best initial trees
Estimate model parameters (epsilon = 0.100)
BETTER TREE FOUND at iteration 1: -6057.545
Estimate model parameters (epsilon = 0.100)
BETTER TREE FOUND at iteration 2: -6052.614
Estimate model parameters (epsilon = 0.100)
BETTER TREE FOUND at iteration 8: -6052.119
Iteration 10 / LogL: -6060.911 / Time: 0h:0m:51s
Iteration 20 / LogL: -6063.768 / Time: 0h:1m:0s
Finish initializing candidate tree set (20)
Current best tree score: -6052.119 / CPU time: 20.199
Number of iterations: 20
--------------------------------------------------------------------
|               OPTIMIZING CANDIDATE TREE SET                      |
--------------------------------------------------------------------
Estimate model parameters (epsilon = 0.100)
BETTER TREE FOUND at iteration 24: -6047.014
Iteration 30 / LogL: -6054.552 / Time: 0h:1m:12s (0h:2m:7s left)
Estimate model parameters (epsilon = 0.100)
BETTER TREE FOUND at iteration 34: -6046.362
Estimate model parameters (epsilon = 0.100)
BETTER TREE FOUND at iteration 40: -6045.922
Iteration 40 / LogL: -6045.922 / Time: 0h:1m:23s (0h:2m:8s left)
Estimate model parameters (epsilon = 0.100)
BETTER TREE FOUND at iteration 43: -6045.809
Iteration 50 / LogL: -6046.842 / Time: 0h:1m:32s (0h:1m:53s left)
Log-likelihood cutoff on original alignment: -6088.731
Estimate model parameters (epsilon = 0.100)
BETTER TREE FOUND at iteration 56: -6045.665
BETTER TREE FOUND at iteration 57: -6045.664
Iteration 60 / LogL: -6055.880 / Time: 0h:1m:42s (0h:1m:54s left)
BETTER TREE FOUND at iteration 62: -6045.662
BETTER TREE FOUND at iteration 69: -6045.662
Iteration 70 / LogL: -6050.409 / Time: 0h:1m:52s (0h:1m:53s left)
Iteration 80 / LogL: -6045.664 / Time: 0h:2m:2s (0h:1m:41s left)
Estimate model parameters (epsilon = 0.100)
BETTER TREE FOUND at iteration 81: -6044.054
Iteration 90 / LogL: -6045.712 / Time: 0h:2m:14s (0h:1m:44s left)
Estimate model parameters (epsilon = 0.100)
BETTER TREE FOUND at iteration 95: -6043.919
Estimate model parameters (epsilon = 0.100)
BETTER TREE FOUND at iteration 96: -6043.845
BETTER TREE FOUND at iteration 98: -6043.843
Iteration 100 / LogL: -6043.846 / Time: 0h:2m:26s (0h:1m:52s left)
Log-likelihood cutoff on original alignment: -6088.731
NOTE: Bootstrap correlation coefficient of split occurrence frequencies: 0.978
NOTE: UFBoot does not converge, continue at least 100 more iterations
Iteration 110 / LogL: -6043.845 / Time: 0h:2m:36s (0h:1m:42s left)
Iteration 120 / LogL: -6043.845 / Time: 0h:2m:46s (0h:1m:29s left)
Iteration 130 / LogL: -6045.522 / Time: 0h:2m:57s (0h:1m:18s left)
Iteration 140 / LogL: -6043.844 / Time: 0h:3m:8s (0h:1m:7s left)
BETTER TREE FOUND at iteration 147: -6043.843
Iteration 150 / LogL: -6043.843 / Time: 0h:3m:18s (0h:1m:48s left)
Log-likelihood cutoff on original alignment: -6088.731
BETTER TREE FOUND at iteration 157: -6043.843
Iteration 160 / LogL: -6046.238 / Time: 0h:3m:28s (0h:1m:47s left)
Iteration 170 / LogL: -6049.692 / Time: 0h:3m:38s (0h:1m:35s left)
BETTER TREE FOUND at iteration 179: -6043.843
Iteration 180 / LogL: -6071.991 / Time: 0h:3m:47s (0h:1m:47s left)
BETTER TREE FOUND at iteration 189: -6043.842
Iteration 190 / LogL: -6043.915 / Time: 0h:3m:58s (0h:1m:47s left)
Iteration 200 / LogL: -6043.844 / Time: 0h:4m:9s (0h:1m:36s left)
Log-likelihood cutoff on original alignment: -6088.731
NOTE: Bootstrap correlation coefficient of split occurrence frequencies: 0.993
Iteration 210 / LogL: -6044.052 / Time: 0h:4m:21s (0h:1m:38s left)
Iteration 220 / LogL: -6047.514 / Time: 0h:4m:31s (0h:1m:27s left)
Iteration 230 / LogL: -6049.668 / Time: 0h:4m:41s (0h:1m:16s left)
Iteration 240 / LogL: -6043.844 / Time: 0h:4m:51s (0h:1m:4s left)
Iteration 250 / LogL: -6043.844 / Time: 0h:5m:1s (0h:0m:53s left)
Log-likelihood cutoff on original alignment: -6088.731
Iteration 260 / LogL: -6044.082 / Time: 0h:5m:11s (0h:0m:43s left)
Iteration 270 / LogL: -6043.844 / Time: 0h:5m:22s (0h:0m:32s left)
Iteration 280 / LogL: -6719.222 / Time: 0h:5m:34s (0h:0m:21s left)
Iteration 290 / LogL: -6050.865 / Time: 0h:5m:45s (0h:0m:10s left)
TREE SEARCH COMPLETED AFTER 290 ITERATIONS / Time: 0h:5m:45s

--------------------------------------------------------------------
|                    FINALIZING TREE SEARCH                        |
--------------------------------------------------------------------
Performs final model parameters optimization
Estimate model parameters (epsilon = 0.010)
1. Initial log-likelihood: -6043.842
Optimal log-likelihood: -6043.840
Proportion of invariable sites: 0.347
Gamma shape alpha: 0.775
Parameters optimization took 1 rounds (0.107 sec)
BEST SCORE FOUND : -6043.840

Testing tree branches by SH-like aLRT with 1000 replicates...
0.518 sec.
Creating bootstrap support values...
Split supports printed to NEXUS file amino_acids_PA_alin.fasta.splits.nex
Total tree length: 1.398

Total number of iterations: 290
CPU time used for tree search: 303.187 sec (0h:5m:3s)
Wall-clock time used for tree search: 304.967 sec (0h:5m:4s)
Total CPU time used: 344.349 sec (0h:5m:44s)
Total wall-clock time used: 346.358 sec (0h:5m:46s)

Computing bootstrap consensus tree...
Reading input file amino_acids_PA_alin.fasta.splits.nex...
69 taxa and 1389 splits.
Consensus tree written to amino_acids_PA_alin.fasta.contree
Reading input trees file amino_acids_PA_alin.fasta.contree
Log-likelihood of consensus tree: -6043.846

Analysis results written to: 
  IQ-TREE report:                amino_acids_PA_alin.fasta.iqtree
  Maximum-likelihood tree:       amino_acids_PA_alin.fasta.treefile
  Likelihood distances:          amino_acids_PA_alin.fasta.mldist

Ultrafast bootstrap approximation results written to:
  Split support values:          amino_acids_PA_alin.fasta.splits.nex
  Consensus tree:                amino_acids_PA_alin.fasta.contree
  Screen log file:               amino_acids_PA_alin.fasta.log

Date and Time: Mon Apr 22 16:09:13 2024
