IQ-TREE multicore version 2.3.2 COVID-edition for Mac OS X 64-bit built Apr  9 2024
Developed by Bui Quang Minh, James Barbetti, Nguyen Lam Tung,
Olga Chernomor, Heiko Schmidt, Dominik Schrempf, Michael Woodhams, Ly Trong Nhan, Thomas Wong

Host:    Daniel-2.local (SSE4.2, 8 GB RAM)
Command: iqtree2 -m TEST -s amino_acids_M_alin.fasta -bb 1000 -alrt 1000
Seed:    52796 (Using SPRNG - Scalable Parallel Random Number Generator)
Time:    Mon Apr 22 21:27:50 2024
Kernel:  SSE2 - 1 threads (8 CPU cores detected)

HINT: Use -nt option to specify number of threads because your CPU has 8 cores!
HINT: -nt AUTO will automatically determine the best number of threads to use.

Reading alignment file amino_acids_M_alin.fasta ... Fasta format detected
Reading fasta file: done in 0.000952959 secs using 35.05% CPU
Alignment most likely contains protein sequences
Alignment has 70 sequences with 252 columns, 105 distinct patterns
70 parsimony-informative, 19 singleton sites, 163 constant sites
                                                                            Gap/Ambiguity  Composition  p-value
Analyzing sequences: done in 3.48091e-05 secs using 77.57% CPU
   1  Influenza_A_virus_A/South_Carolina/1/18_H1N1                                  0.00%    passed    100.00%
   2  Influenza_A_virus_A/swine/Tennessee/1/1975_H1N1                               0.00%    passed    100.00%
   3  Influenza_A_virus_A/swine/Hong_Kong/103/1993_H1N1                             0.00%    passed    100.00%
   4  Influenza_A_virus_A/chicken/Chis/1522/1997_H5N2                               0.00%    passed    100.00%
   5  Influenza_A_virus_A/common_teal/Netherlands/10/2000_H1N1                      0.00%    passed    100.00%
   6  Influenza_A_virus_A/ruddy_turnstone/DE/773/1988_H9N6                          0.00%    passed    100.00%
   7  Influenza_A_virus_A/mallard_duck/ALB/2/1977_H1N6                              0.00%    passed    100.00%
   8  Influenza_A_virus_A/duck/HK/17/1977_H9N6                                      0.00%    passed    100.00%
   9  Influenza_A_virus_A/mallard/Netherlands/2/1999_H3N5                           0.00%    passed    100.00%
  10  Influenza_A_virus_A/gray_teal/Western_Australia/180/1979_HN                   0.00%    passed    100.00%
  11  Influenza_A_virus_A/gray_teal/Australia/1/1979_H6N1                           0.00%    passed    100.00%
  12  Influenza_A_virus_A/duck/Mongolia/7/2001_H7N1                                 0.00%    passed    100.00%
  13  Influenza_A_virus_A/mallard/Alberta/11/1991_H9N2                              0.00%    passed    100.00%
  14  Influenza_A_virus_A/northern_shoveler/Washington/29-700/2006_H10N1            0.00%    passed    100.00%
  15  Influenza_A_virus_A/black_duck/Ohio/19/1986_H11N1                             0.00%    passed    100.00%
  16  Influenza_A_virus_A/aquatic_bird/India/NIV-17095/2007_H11N1                   0.00%    passed    100.00%
  17  Influenza_A_virus_A/bar_headed_goose/Mongolia/13/2005_H12N3                   0.00%    passed    100.00%
  18  Influenza_A_virus_A/northern_shoveler/Mississippi/09OS025/2009_H12N5          0.00%    passed    100.00%
  19  Influenza_A_virus_A/sooty_tern/Western_Australia/2190/1983_H15N9              0.00%    passed    100.00%
  20  Influenza_A_virus_A/black_duck/Perth/699/1978_H3N8                            0.00%    passed    100.00%
  21  Influenza_A_virus_A/mallard_duck/ALB/57/1976_H5N2                             0.00%    passed    100.00%
  22  Influenza_A_virus_A/Mallard_Duck/Alberta/32/83_H12N1                          0.00%    passed    100.00%
  23  Influenza_A_virus_A/turkey/Ontario/6118/1968_H8N                              0.00%    passed    100.00%
  24  Influenza_A_virus_A/mallard/ALB/19/1992_H8N                                   0.00%    passed    100.00%
  25  Influenza_A_virus_A/mallard/Manitoba/23912/2007_HN7                           0.00%    passed    100.00%
  26  Influenza_A_virus_A/blue-winged_teal/Guatemala/CIP09-02/2008_H7N9             0.00%    passed    100.00%
  27  Influenza_A_virus_A/rosy-billed_pocrd/Argentina/CIP051-557/2007_H6N2          0.00%    passed    100.00%
  28  Influenza_A_virus_A/mallard/ALB/7/1998_HN1                                    0.00%    passed    100.00%
  29  Influenza_A_virus_A/northern_shoveler/Calinia/AKS273/2007_H8N                 0.00%    passed    100.00%
  30  Influenza_A_virus_A/mallard_duck/ALB/26/1976_H3N1                             0.00%    passed    100.00%
  31  Influenza_A_virus_A/mallard/ALB/5/1995_H10N1                                  0.00%    passed    100.00%
  32  Influenza_A_virus_A/turkey/England/50-92/91_H5N1                              0.00%    passed    100.00%
  33  Influenza_A_virus_A/herring_gull/DE/75/1986_H13N2                             0.00%    passed    100.00%
  34  Influenza_A_virus_A/herring_gull/DE/712/1988_H16N3                            0.00%    passed    100.00%
  35  Influenza_A_virus_A/red-winged_tinamou/Argentina/MP1/2008_H1N1                0.00%    passed    100.00%
  36  Influenza_A_virus_A/mallard/Sweden/58/2003_H11N1                              0.00%    passed    100.00%
  37  Influenza_A_virus_A/duck/Nancng/-18/2000_H2N9                                 0.00%    passed    100.00%
  38  Influenza_A_virus_A/duck/New_Zealand/1/198_H5N2                               0.00%    passed    100.00%
  39  Influenza_A_virus_A/Mongolian_gull/Mongolia/01/2007_H13N6                     0.00%    passed    100.00%
  40  Influenza_A_virus_A/glaucous_gull/Alaska/198-027/2006_H16N3                   0.00%    passed    100.00%
  41  Influenza_A_virus_A/equine/Sao_Paulo/6/1963_H3N8                              0.00%    passed    100.00%
  42  Influenza_A_virus_A/semi-palmated_sandpiper/Brazil/3/1990_H2N1                0.00%    passed    100.00%
  43  Influenza_A_virus_A/quail/Italy/1117/1965_H10N8                               0.00%    passed    100.00%
  44  Influenza_A_virus_A/whiskered_tern/Egypt/0/200_H6N2                           0.00%    passed    100.00%
  45  Influenza_A_virus_A/mallard/Ohio/6/1989_H6N8                                  0.00%    passed    100.00%
  46  Influenza_A_virus_A/swine/Korea/PZ72-1/2006_H3N1                              0.00%    passed    100.00%
  47  Influenza_A_virus_A/Malaysia/5_H1N1                                           0.00%    passed    100.00%
  48  Influenza_A_virus_A/Brazil/11/1978_H1N1                                       0.00%    passed    100.00%
  49  Influenza_A_virus_A/New_York/802/1993_H3N2                                    0.00%    passed    100.00%
  50  Influenza_A_virus_A/Panama/2007/1999_H3N2                                     0.00%    passed    100.00%
  51  Influenza_A_virus_A/Managua/10.02/2010_H3N2                                   0.00%    passed    100.00%
  52  Influenza_A_virus_A/El_Salvador/2/1957_H2N2                                   0.00%    passed    100.00%
  53  Influenza_A_virus_A/Puerto_Rico/8/193_H1N1                                    0.00%    passed    100.00%
  54  Influenza_A_virus_A/chicken/Rostock/5/193_H7N1                                0.00%    passed    100.00%
  55  Influenza_A_virus_A/environment/New_York/30732-1/2005_H7N2                    0.00%    passed    100.00%
  56  Influenza_A_virus_A/slaty-backed_gull/Japan/6KS0191/2006_HN8                  0.00%    passed    100.00%
  57  Influenza_A_virus_A/chicken/Yokoma/aq55/2001_H9N2                             0.00%    passed    100.00%
  58  Influenza_A_virus_A/Viet_Nam/1203/200_H5N1                                    0.00%    passed    100.00%
  59  Influenza_A_virus_A/chicken/Egypt/0891/2008_H5N1                              0.00%    passed    100.00%
  60  Influenza_A_virus_A/Calinia/0/2009_H1N1                                       0.00%    passed    100.00%
  61  Influenza_A_virus_A/swine/Argentina/CIP051-StaFeN2/2010_H1N2                  0.00%    passed    100.00%
  62  Influenza_A_virus_A/equine/Argentina/1/1977_H7N7                              0.00%    passed     99.96%
  63  Influenza_A_virus_A/little_yellow-shouldered_bat/Guatemala/153/2009_H17N10    0.00%    passed     87.52%
  64  Influenza_A_virus_A/little_yellow-shouldered_bat/Guatemala/16/2009_H17N10     0.00%    passed     87.52%
  65  Influenza_A_virus_A/little_yellow-shouldered_bat/Guatemala/060/2010_H17N10    0.00%    passed     87.52%
  66  Influenza_A_virus_A/dark_fruit-eating_bat/Bolivia/PBV780-781/2011_H18N11      0.00%    passed     93.05%
  67  Influenza_A_virus_A/Noctilio_albiventris/Colombia/2023                        0.00%    passed     93.05%
  68  Influenza_A_virus_A/Artibeus_lituratus/Brazil/2301/2012_H18N11                0.00%    passed     93.05%
  69  Influenza_A_virus_A/Artibeus_lituratus/Brazil/23/2012_H18N11                  0.00%    passed     93.05%
  70  Influenza_A_virus_A/flat-faced_bat/Peru/033/2010_H18N11                       0.00%    passed     93.05%
****  TOTAL                                                                         0.00%  0 sequences failed composition chi2 test (p-value<5%; df=19)
NOTE: Influenza_A_virus_A/ruddy_turnstone/DE/773/1988_H9N6 is identical to Influenza_A_virus_A/common_teal/Netherlands/10/2000_H1N1 but kept for subsequent analysis
NOTE: Influenza_A_virus_A/swine/Argentina/CIP051-StaFeN2/2010_H1N2 is identical to Influenza_A_virus_A/Calinia/0/2009_H1N1 but kept for subsequent analysis
NOTE: Influenza_A_virus_A/little_yellow-shouldered_bat/Guatemala/16/2009_H17N10 is identical to Influenza_A_virus_A/little_yellow-shouldered_bat/Guatemala/153/2009_H17N10 but kept for subsequent analysis
NOTE: Influenza_A_virus_A/Noctilio_albiventris/Colombia/2023 is identical to Influenza_A_virus_A/dark_fruit-eating_bat/Bolivia/PBV780-781/2011_H18N11 but kept for subsequent analysis
NOTE: 33 identical sequences (see below) will be ignored for subsequent analysis
NOTE: Influenza_A_virus_A/mallard_duck/ALB/2/1977_H1N6 (identical to Influenza_A_virus_A/common_teal/Netherlands/10/2000_H1N1) is ignored but added at the end
NOTE: Influenza_A_virus_A/duck/HK/17/1977_H9N6 (identical to Influenza_A_virus_A/common_teal/Netherlands/10/2000_H1N1) is ignored but added at the end
NOTE: Influenza_A_virus_A/mallard/Netherlands/2/1999_H3N5 (identical to Influenza_A_virus_A/common_teal/Netherlands/10/2000_H1N1) is ignored but added at the end
NOTE: Influenza_A_virus_A/gray_teal/Western_Australia/180/1979_HN (identical to Influenza_A_virus_A/common_teal/Netherlands/10/2000_H1N1) is ignored but added at the end
NOTE: Influenza_A_virus_A/gray_teal/Australia/1/1979_H6N1 (identical to Influenza_A_virus_A/common_teal/Netherlands/10/2000_H1N1) is ignored but added at the end
NOTE: Influenza_A_virus_A/duck/Mongolia/7/2001_H7N1 (identical to Influenza_A_virus_A/common_teal/Netherlands/10/2000_H1N1) is ignored but added at the end
NOTE: Influenza_A_virus_A/mallard/Alberta/11/1991_H9N2 (identical to Influenza_A_virus_A/common_teal/Netherlands/10/2000_H1N1) is ignored but added at the end
NOTE: Influenza_A_virus_A/northern_shoveler/Washington/29-700/2006_H10N1 (identical to Influenza_A_virus_A/common_teal/Netherlands/10/2000_H1N1) is ignored but added at the end
NOTE: Influenza_A_virus_A/black_duck/Ohio/19/1986_H11N1 (identical to Influenza_A_virus_A/common_teal/Netherlands/10/2000_H1N1) is ignored but added at the end
NOTE: Influenza_A_virus_A/aquatic_bird/India/NIV-17095/2007_H11N1 (identical to Influenza_A_virus_A/common_teal/Netherlands/10/2000_H1N1) is ignored but added at the end
NOTE: Influenza_A_virus_A/bar_headed_goose/Mongolia/13/2005_H12N3 (identical to Influenza_A_virus_A/common_teal/Netherlands/10/2000_H1N1) is ignored but added at the end
NOTE: Influenza_A_virus_A/northern_shoveler/Mississippi/09OS025/2009_H12N5 (identical to Influenza_A_virus_A/common_teal/Netherlands/10/2000_H1N1) is ignored but added at the end
NOTE: Influenza_A_virus_A/sooty_tern/Western_Australia/2190/1983_H15N9 (identical to Influenza_A_virus_A/common_teal/Netherlands/10/2000_H1N1) is ignored but added at the end
NOTE: Influenza_A_virus_A/black_duck/Perth/699/1978_H3N8 (identical to Influenza_A_virus_A/common_teal/Netherlands/10/2000_H1N1) is ignored but added at the end
NOTE: Influenza_A_virus_A/mallard_duck/ALB/57/1976_H5N2 (identical to Influenza_A_virus_A/common_teal/Netherlands/10/2000_H1N1) is ignored but added at the end
NOTE: Influenza_A_virus_A/Mallard_Duck/Alberta/32/83_H12N1 (identical to Influenza_A_virus_A/common_teal/Netherlands/10/2000_H1N1) is ignored but added at the end
NOTE: Influenza_A_virus_A/turkey/Ontario/6118/1968_H8N (identical to Influenza_A_virus_A/common_teal/Netherlands/10/2000_H1N1) is ignored but added at the end
NOTE: Influenza_A_virus_A/mallard/ALB/19/1992_H8N (identical to Influenza_A_virus_A/common_teal/Netherlands/10/2000_H1N1) is ignored but added at the end
NOTE: Influenza_A_virus_A/mallard/Manitoba/23912/2007_HN7 (identical to Influenza_A_virus_A/common_teal/Netherlands/10/2000_H1N1) is ignored but added at the end
NOTE: Influenza_A_virus_A/blue-winged_teal/Guatemala/CIP09-02/2008_H7N9 (identical to Influenza_A_virus_A/common_teal/Netherlands/10/2000_H1N1) is ignored but added at the end
NOTE: Influenza_A_virus_A/rosy-billed_pocrd/Argentina/CIP051-557/2007_H6N2 (identical to Influenza_A_virus_A/common_teal/Netherlands/10/2000_H1N1) is ignored but added at the end
NOTE: Influenza_A_virus_A/mallard/ALB/7/1998_HN1 (identical to Influenza_A_virus_A/common_teal/Netherlands/10/2000_H1N1) is ignored but added at the end
NOTE: Influenza_A_virus_A/northern_shoveler/Calinia/AKS273/2007_H8N (identical to Influenza_A_virus_A/common_teal/Netherlands/10/2000_H1N1) is ignored but added at the end
NOTE: Influenza_A_virus_A/mallard_duck/ALB/26/1976_H3N1 (identical to Influenza_A_virus_A/common_teal/Netherlands/10/2000_H1N1) is ignored but added at the end
NOTE: Influenza_A_virus_A/mallard/ALB/5/1995_H10N1 (identical to Influenza_A_virus_A/common_teal/Netherlands/10/2000_H1N1) is ignored but added at the end
NOTE: Influenza_A_virus_A/turkey/England/50-92/91_H5N1 (identical to Influenza_A_virus_A/common_teal/Netherlands/10/2000_H1N1) is ignored but added at the end
NOTE: Influenza_A_virus_A/herring_gull/DE/75/1986_H13N2 (identical to Influenza_A_virus_A/common_teal/Netherlands/10/2000_H1N1) is ignored but added at the end
NOTE: Influenza_A_virus_A/herring_gull/DE/712/1988_H16N3 (identical to Influenza_A_virus_A/common_teal/Netherlands/10/2000_H1N1) is ignored but added at the end
NOTE: Influenza_A_virus_A/red-winged_tinamou/Argentina/MP1/2008_H1N1 (identical to Influenza_A_virus_A/common_teal/Netherlands/10/2000_H1N1) is ignored but added at the end
NOTE: Influenza_A_virus_A/little_yellow-shouldered_bat/Guatemala/060/2010_H17N10 (identical to Influenza_A_virus_A/little_yellow-shouldered_bat/Guatemala/153/2009_H17N10) is ignored but added at the end
NOTE: Influenza_A_virus_A/Artibeus_lituratus/Brazil/2301/2012_H18N11 (identical to Influenza_A_virus_A/dark_fruit-eating_bat/Bolivia/PBV780-781/2011_H18N11) is ignored but added at the end
NOTE: Influenza_A_virus_A/Artibeus_lituratus/Brazil/23/2012_H18N11 (identical to Influenza_A_virus_A/dark_fruit-eating_bat/Bolivia/PBV780-781/2011_H18N11) is ignored but added at the end
NOTE: Influenza_A_virus_A/flat-faced_bat/Peru/033/2010_H18N11 (identical to Influenza_A_virus_A/dark_fruit-eating_bat/Bolivia/PBV780-781/2011_H18N11) is ignored but added at the end
Alignment was printed to amino_acids_M_alin.fasta.uniqueseq.phy

For your convenience alignment with unique sequences printed to amino_acids_M_alin.fasta.uniqueseq.phy

Creating fast initial parsimony tree by random order stepwise addition...
0.003 seconds, parsimony score: 161 (based on 89 sites)
Perform fast likelihood tree search using LG+I+G model...
Estimate model parameters (epsilon = 5.000)
Perform nearest neighbor interchange...
Estimate model parameters (epsilon = 1.000)
1. Initial log-likelihood: -1691.945
Optimal log-likelihood: -1691.897
Proportion of invariable sites: 0.314
Gamma shape alpha: 1.151
Parameters optimization took 1 rounds (0.039 sec)
Time for fast ML tree search: 0.214 seconds

NOTE: ModelFinder requires 3 MB RAM!
ModelFinder will test up to 224 protein models (sample size: 252) ...
 No. Model         -LnL         df  AIC          AICc         BIC
  1  LG            1720.523     71  3583.047     3639.847     3833.636
  2  LG+I          1697.138     72  3538.276     3597.002     3792.395
  3  LG+G4         1691.772     72  3527.544     3586.270     3781.663
  4  LG+I+G4       1691.886     73  3529.772     3590.469     3787.421
  7  LG+F+G4       1686.992     91  3555.984     3660.634     3877.162
  8  LG+F+I+G4     1687.121     92  3558.241     3665.864     3882.949
 11  WAG+G4        1708.423     72  3560.846     3619.573     3814.965
 12  WAG+I+G4      1708.331     73  3562.662     3623.358     3820.310
 15  WAG+F+G4      1701.845     91  3585.690     3690.340     3906.868
 16  WAG+F+I+G4    1701.835     92  3587.670     3695.293     3912.377
 19  JTT+G4        1672.382     72  3488.764     3547.491     3742.883
 20  JTT+I+G4      1672.423     73  3490.847     3551.543     3748.495
 23  JTT+F+G4      1666.188     91  3514.376     3619.026     3835.554
 24  JTT+F+I+G4    1666.286     92  3516.573     3624.196     3841.280
WARNING: Normalizing state frequencies so that sum of them equals to 1
 27  Q.pfam+G4     1697.106     72  3538.211     3596.937     3792.330
WARNING: Normalizing state frequencies so that sum of them equals to 1
 28  Q.pfam+I+G4   1697.248     73  3540.497     3601.194     3798.145
WARNING: Normalizing state frequencies so that sum of them equals to 1
 31  Q.pfam+F+G4   1692.900     91  3567.801     3672.451     3888.979
WARNING: Normalizing state frequencies so that sum of them equals to 1
 32  Q.pfam+F+I+G4 1693.040     92  3570.080     3677.703     3894.788
WARNING: Normalizing state frequencies so that sum of them equals to 1
 35  Q.bird+G4     1667.232     72  3478.465     3537.191     3732.584
WARNING: Normalizing state frequencies so that sum of them equals to 1
 36  Q.bird+I+G4   1667.334     73  3480.668     3541.364     3738.316
WARNING: Normalizing state frequencies so that sum of them equals to 1
 39  Q.bird+F+G4   1658.329     91  3498.659     3603.309     3819.837
WARNING: Normalizing state frequencies so that sum of them equals to 1
 40  Q.bird+F+I+G4 1658.641     92  3501.282     3608.905     3825.989
WARNING: Normalizing state frequencies so that sum of them equals to 1
 43  Q.mammal+G4   1668.055     72  3480.109     3538.836     3734.228
WARNING: Normalizing state frequencies so that sum of them equals to 1
 44  Q.mammal+I+G4 1668.073     73  3482.145     3542.842     3739.793
WARNING: Normalizing state frequencies so that sum of them equals to 1
 47  Q.mammal+F+G4 1656.976     91  3495.951     3600.601     3817.129
WARNING: Normalizing state frequencies so that sum of them equals to 1
 48  Q.mammal+F+I+G4 1657.226     92  3498.451     3606.074     3823.159
 51  Q.insect+G4   1678.869     72  3501.739     3560.465     3755.858
 52  Q.insect+I+G4 1678.899     73  3503.798     3564.495     3761.447
 55  Q.insect+F+G4 1669.752     91  3521.504     3626.154     3842.682
 56  Q.insect+F+I+G4 1669.817     92  3523.634     3631.256     3848.341
WARNING: Normalizing state frequencies so that sum of them equals to 1
 59  Q.plant+G4    1665.438     72  3474.876     3533.602     3728.995
WARNING: Normalizing state frequencies so that sum of them equals to 1
 60  Q.plant+I+G4  1665.488     73  3476.976     3537.673     3734.624
WARNING: Normalizing state frequencies so that sum of them equals to 1
 63  Q.plant+F+G4  1657.884     91  3497.767     3602.417     3818.945
WARNING: Normalizing state frequencies so that sum of them equals to 1
 64  Q.plant+F+I+G4 1658.044     92  3500.088     3607.711     3824.795
WARNING: Normalizing state frequencies so that sum of them equals to 1
 67  Q.yeast+G4    1692.141     72  3528.283     3587.009     3782.401
WARNING: Normalizing state frequencies so that sum of them equals to 1
 68  Q.yeast+I+G4  1692.269     73  3530.537     3591.234     3788.186
WARNING: Normalizing state frequencies so that sum of them equals to 1
 71  Q.yeast+F+G4  1677.669     91  3537.338     3641.988     3858.516
WARNING: Normalizing state frequencies so that sum of them equals to 1
 72  Q.yeast+F+I+G4 1677.814     92  3539.627     3647.250     3864.335
 75  JTTDCMut+G4   1672.899     72  3489.799     3548.525     3743.917
 76  JTTDCMut+I+G4 1672.918     73  3491.836     3552.532     3749.484
 79  JTTDCMut+F+G4 1666.141     91  3514.282     3618.932     3835.460
 80  JTTDCMut+F+I+G4 1666.232     92  3516.464     3624.086     3841.171
 83  DCMut+G4      1703.994     72  3551.988     3610.714     3806.107
 84  DCMut+I+G4    1703.714     73  3553.428     3614.124     3811.076
 87  DCMut+F+G4    1688.355     91  3558.709     3663.359     3879.887
 88  DCMut+F+I+G4  1688.192     92  3560.383     3668.006     3885.091
 91  VT+G4         1708.994     72  3561.988     3620.714     3816.107
 92  VT+I+G4       1709.005     73  3564.010     3624.706     3821.658
 95  VT+F+G4       1703.116     91  3588.232     3692.882     3909.410
 96  VT+F+I+G4     1703.163     92  3590.326     3697.949     3915.034
 99  PMB+G4        1738.277     72  3620.554     3679.280     3874.673
100  PMB+I+G4      1738.237     73  3622.474     3683.170     3880.122
103  PMB+F+G4      1730.098     91  3642.195     3746.845     3963.373
104  PMB+F+I+G4    1730.042     92  3644.083     3751.706     3968.791
107  Blosum62+G4   1738.096     72  3620.193     3678.919     3874.312
108  Blosum62+I+G4 1738.134     73  3622.268     3682.965     3879.917
111  Blosum62+F+G4 1732.182     91  3646.365     3751.015     3967.543
112  Blosum62+F+I+G4 1732.202     92  3648.405     3756.027     3973.112
115  Dayhoff+G4    1703.655     72  3551.310     3610.037     3805.429
116  Dayhoff+I+G4  1703.374     73  3552.749     3613.445     3810.397
119  Dayhoff+F+G4  1688.063     91  3558.127     3662.777     3879.305
120  Dayhoff+F+I+G4 1687.901     92  3559.801     3667.424     3884.509
123  mtREV+G4      1754.908     72  3653.816     3712.542     3907.935
124  mtREV+I+G4    1755.349     73  3656.697     3717.394     3914.346
127  mtREV+F+G4    1695.759     91  3573.517     3678.167     3894.695
128  mtREV+F+I+G4  1695.776     92  3575.551     3683.174     3900.258
131  mtART+G4      1772.733     72  3689.467     3748.193     3943.586
132  mtART+I+G4    1773.609     73  3693.219     3753.915     3950.867
135  mtART+F+G4    1698.998     91  3579.997     3684.647     3901.175
136  mtART+F+I+G4  1699.519     92  3583.037     3690.660     3907.745
139  mtZOA+G4      1735.020     72  3614.040     3672.766     3868.159
140  mtZOA+I+G4    1735.834     73  3617.668     3678.365     3875.316
143  mtZOA+F+G4    1676.036     91  3534.072     3638.722     3855.250
144  mtZOA+F+I+G4  1676.457     92  3536.914     3644.536     3861.621
147  mtMet+G4      1741.348     72  3626.695     3685.421     3880.814
148  mtMet+I+G4    1742.033     73  3630.066     3690.762     3887.714
151  mtMet+F+G4    1671.780     91  3525.560     3630.210     3846.738
152  mtMet+F+I+G4  1671.990     92  3527.980     3635.603     3852.688
155  mtVer+G4      1746.670     72  3637.339     3696.065     3891.458
156  mtVer+I+G4    1747.619     73  3641.237     3701.934     3898.885
159  mtVer+F+G4    1686.712     91  3555.424     3660.074     3876.602
160  mtVer+F+I+G4  1686.967     92  3557.934     3665.557     3882.642
163  mtInv+G4      1779.191     72  3702.383     3761.109     3956.501
164  mtInv+I+G4    1779.692     73  3705.384     3766.081     3963.032
167  mtInv+F+G4    1681.723     91  3545.446     3650.096     3866.624
168  mtInv+F+I+G4  1681.990     92  3547.981     3655.603     3872.688
171  mtMAM+G4      1758.006     72  3660.011     3718.738     3914.130
172  mtMAM+I+G4    1759.404     73  3664.808     3725.505     3922.456
175  mtMAM+F+G4    1694.990     91  3571.979     3676.629     3893.157
176  mtMAM+F+I+G4  1695.692     92  3575.385     3683.008     3900.092
WARNING: Normalizing state frequencies so that sum of them equals to 1
179  FLAVI+G4      1643.087     72  3430.174     3488.900     3684.293
WARNING: Normalizing state frequencies so that sum of them equals to 1
180  FLAVI+I+G4    1643.511     73  3433.022     3493.718     3690.670
WARNING: Normalizing state frequencies so that sum of them equals to 1
183  FLAVI+F+G4    1635.643     91  3453.286     3557.936     3774.465
WARNING: Normalizing state frequencies so that sum of them equals to 1
184  FLAVI+F+I+G4  1636.075     92  3456.150     3563.773     3780.858
187  HIVb+G4       1667.827     72  3479.654     3538.380     3733.773
188  HIVb+I+G4     1667.873     73  3481.746     3542.443     3739.394
191  HIVb+F+G4     1651.301     91  3484.602     3589.252     3805.780
192  HIVb+F+I+G4   1651.295     92  3486.589     3594.212     3811.297
195  HIVw+G4       1698.724     72  3541.447     3600.174     3795.566
196  HIVw+I+G4     1698.734     73  3543.467     3604.164     3801.115
199  HIVw+F+G4     1669.577     91  3521.154     3625.804     3842.332
200  HIVw+F+I+G4   1669.783     92  3523.566     3631.188     3848.273
203  FLU+G4        1665.145     72  3474.289     3533.016     3728.408
204  FLU+I+G4      1665.308     73  3476.617     3537.313     3734.265
207  FLU+F+G4      1650.092     91  3482.185     3586.835     3803.363
208  FLU+F+I+G4    1650.343     92  3484.685     3592.308     3809.393
211  rtREV+G4      1711.164     72  3566.328     3625.054     3820.447
212  rtREV+I+G4    1711.326     73  3568.652     3629.349     3826.300
215  rtREV+F+G4    1694.239     91  3570.478     3675.128     3891.656
216  rtREV+F+I+G4  1694.340     92  3572.679     3680.302     3897.387
219  cpREV+G4      1695.051     72  3534.101     3592.828     3788.220
220  cpREV+I+G4    1695.220     73  3536.439     3597.136     3794.088
223  cpREV+F+G4    1685.571     91  3553.142     3657.792     3874.320
224  cpREV+F+I+G4  1685.665     92  3555.331     3662.953     3880.038
Akaike Information Criterion:           FLAVI+G4
Corrected Akaike Information Criterion: FLAVI+G4
Bayesian Information Criterion:         FLAVI+G4
Best-fit model: FLAVI+G4 chosen according to BIC

All model information printed to amino_acids_M_alin.fasta.model.gz
CPU time for ModelFinder: 5.445 seconds (0h:0m:5s)
Wall-clock time for ModelFinder: 5.503 seconds (0h:0m:5s)
Generating 1000 samples for ultrafast bootstrap (seed: 52796)...
WARNING: Normalizing state frequencies so that sum of them equals to 1

NOTE: 3 MB RAM (0 GB) is required!
Estimate model parameters (epsilon = 0.100)
1. Initial log-likelihood: -1643.087
Optimal log-likelihood: -1643.087
Gamma shape alpha: 0.507
Parameters optimization took 1 rounds (0.017 sec)
Wrote distance file to... 
Computing ML distances based on estimated model parameters...
Calculating distance matrix: done in 0.348836 secs using 99.73% CPU
Computing ML distances took 0.348903 sec (of wall-clock time) 0.347918 sec (of CPU time)
Setting up auxiliary I and S matrices: done in 3.19481e-05 secs using 84.51% CPU
Computing RapidNJ tree took 0.000143 sec (of wall-clock time) 0.000117 sec (of CPU time)
Log-likelihood of RapidNJ tree: -1646.790
--------------------------------------------------------------------
|             INITIALIZING CANDIDATE TREE SET                      |
--------------------------------------------------------------------
Generating 98 parsimony trees... 0.074 second
Computing log-likelihood of 98 initial trees ... 0.538 seconds
Current best score: -1640.621

Do NNI search on 20 best initial trees
Estimate model parameters (epsilon = 0.100)
BETTER TREE FOUND at iteration 1: -1640.544
Estimate model parameters (epsilon = 0.100)
BETTER TREE FOUND at iteration 4: -1638.518
Iteration 10 / LogL: -1646.788 / Time: 0h:0m:7s
Iteration 20 / LogL: -1638.712 / Time: 0h:0m:8s
Finish initializing candidate tree set (20)
Current best tree score: -1638.518 / CPU time: 2.615
Number of iterations: 20
--------------------------------------------------------------------
|               OPTIMIZING CANDIDATE TREE SET                      |
--------------------------------------------------------------------
Iteration 30 / LogL: -1638.523 / Time: 0h:0m:10s (0h:0m:11s left)
Iteration 40 / LogL: -1638.521 / Time: 0h:0m:11s (0h:0m:10s left)
Iteration 50 / LogL: -1642.410 / Time: 0h:0m:13s (0h:0m:8s left)
Log-likelihood cutoff on original alignment: -1665.988
Iteration 60 / LogL: -1638.680 / Time: 0h:0m:15s (0h:0m:7s left)
Iteration 70 / LogL: -1641.440 / Time: 0h:0m:16s (0h:0m:5s left)
Iteration 80 / LogL: -1638.519 / Time: 0h:0m:18s (0h:0m:3s left)
Iteration 90 / LogL: -1638.519 / Time: 0h:0m:19s (0h:0m:2s left)
Iteration 100 / LogL: -1642.410 / Time: 0h:0m:21s (0h:0m:0s left)
Log-likelihood cutoff on original alignment: -1665.988
NOTE: Bootstrap correlation coefficient of split occurrence frequencies: 0.996
TREE SEARCH COMPLETED AFTER 105 ITERATIONS / Time: 0h:0m:22s

--------------------------------------------------------------------
|                    FINALIZING TREE SEARCH                        |
--------------------------------------------------------------------
Performs final model parameters optimization
Estimate model parameters (epsilon = 0.010)
1. Initial log-likelihood: -1638.518
Optimal log-likelihood: -1638.518
Gamma shape alpha: 0.505
Parameters optimization took 1 rounds (0.017 sec)
BEST SCORE FOUND : -1638.518

Testing tree branches by SH-like aLRT with 1000 replicates...
0.094 sec.
Creating bootstrap support values...
Split supports printed to NEXUS file amino_acids_M_alin.fasta.splits.nex
Total tree length: 0.722

Total number of iterations: 105
CPU time used for tree search: 16.318 sec (0h:0m:16s)
Wall-clock time used for tree search: 16.379 sec (0h:0m:16s)
Total CPU time used: 22.309 sec (0h:0m:22s)
Total wall-clock time used: 22.439 sec (0h:0m:22s)

Computing bootstrap consensus tree...
Reading input file amino_acids_M_alin.fasta.splits.nex...
37 taxa and 671 splits.
Consensus tree written to amino_acids_M_alin.fasta.contree
Reading input trees file amino_acids_M_alin.fasta.contree
Log-likelihood of consensus tree: -1638.529

Analysis results written to: 
  IQ-TREE report:                amino_acids_M_alin.fasta.iqtree
  Maximum-likelihood tree:       amino_acids_M_alin.fasta.treefile
  Likelihood distances:          amino_acids_M_alin.fasta.mldist

Ultrafast bootstrap approximation results written to:
  Split support values:          amino_acids_M_alin.fasta.splits.nex
  Consensus tree:                amino_acids_M_alin.fasta.contree
  Screen log file:               amino_acids_M_alin.fasta.log

Date and Time: Mon Apr 22 21:28:12 2024
